{"/Users/macbookpro/Desktop/o2a-newbackend/jest.config.js": {"path":"/Users/macbookpro/Desktop/o2a-newbackend/jest.config.js","statementMap":{"0":{"start":{"line":3,"column":0},"end":{"line":186,"column":4}}},"fnMap":{},"branchMap":{},"s":{"0":0},"f":{},"b":{}}
,"/Users/macbookpro/Desktop/o2a-newbackend/server.js": {"path":"/Users/macbookpro/Desktop/o2a-newbackend/server.js","statementMap":{"0":{"start":{"line":1,"column":16},"end":{"line":1,"column":34}},"1":{"start":{"line":2,"column":19},"end":{"line":2,"column":50}},"2":{"start":{"line":3,"column":19},"end":{"line":3,"column":50}},"3":{"start":{"line":4,"column":22},"end":{"line":4,"column":56}},"4":{"start":{"line":5,"column":25},"end":{"line":5,"column":62}},"5":{"start":{"line":6,"column":20},"end":{"line":6,"column":52}},"6":{"start":{"line":7,"column":21},"end":{"line":7,"column":45}},"7":{"start":{"line":8,"column":23},"end":{"line":8,"column":51}},"8":{"start":{"line":9,"column":13},"end":{"line":9,"column":28}},"9":{"start":{"line":10,"column":0},"end":{"line":10,"column":49}},"10":{"start":{"line":11,"column":0},"end":{"line":11,"column":23}},"11":{"start":{"line":12,"column":35},"end":{"line":12,"column":74}},"12":{"start":{"line":14,"column":12},"end":{"line":14,"column":21}},"13":{"start":{"line":15,"column":0},"end":{"line":15,"column":24}},"14":{"start":{"line":16,"column":0},"end":{"line":16,"column":48}},"15":{"start":{"line":17,"column":0},"end":{"line":17,"column":16}},"16":{"start":{"line":18,"column":0},"end":{"line":18,"column":24}},"17":{"start":{"line":20,"column":20},"end":{"line":27,"column":1}},"18":{"start":{"line":28,"column":0},"end":{"line":28,"column":27}},"19":{"start":{"line":31,"column":0},"end":{"line":31,"column":34}},"20":{"start":{"line":34,"column":0},"end":{"line":34,"column":24}},"21":{"start":{"line":35,"column":0},"end":{"line":37,"column":3}},"22":{"start":{"line":36,"column":2},"end":{"line":36,"column":44}},"23":{"start":{"line":40,"column":0},"end":{"line":40,"column":33}},"24":{"start":{"line":41,"column":0},"end":{"line":41,"column":33}},"25":{"start":{"line":42,"column":0},"end":{"line":42,"column":39}},"26":{"start":{"line":43,"column":0},"end":{"line":43,"column":50}},"27":{"start":{"line":44,"column":0},"end":{"line":44,"column":40}},"28":{"start":{"line":47,"column":15},"end":{"line":49,"column":2}},"29":{"start":{"line":48,"column":2},"end":{"line":48,"column":55}},"30":{"start":{"line":52,"column":0},"end":{"line":52,"column":31}}},"fnMap":{"0":{"name":"(anonymous_0)","decl":{"start":{"line":35,"column":32},"end":{"line":35,"column":33}},"loc":{"start":{"line":35,"column":46},"end":{"line":37,"column":1}},"line":35},"1":{"name":"(anonymous_1)","decl":{"start":{"line":47,"column":44},"end":{"line":47,"column":45}},"loc":{"start":{"line":47,"column":49},"end":{"line":49,"column":1}},"line":47}},"branchMap":{},"s":{"0":0,"1":0,"2":0,"3":0,"4":0,"5":0,"6":0,"7":0,"8":0,"9":0,"10":0,"11":0,"12":0,"13":0,"14":0,"15":0,"16":0,"17":0,"18":0,"19":0,"20":0,"21":0,"22":0,"23":0,"24":0,"25":0,"26":0,"27":0,"28":0,"29":0,"30":0},"f":{"0":0,"1":0},"b":{}}
,"/Users/macbookpro/Desktop/o2a-newbackend/src/__tests__/environment.js": {"path":"/Users/macbookpro/Desktop/o2a-newbackend/src/__tests__/environment.js","statementMap":{"0":{"start":{"line":1,"column":24},"end":{"line":1,"column":56}},"1":{"start":{"line":3,"column":29},"end":{"line":3,"column":70}},"2":{"start":{"line":8,"column":4},"end":{"line":8,"column":24}},"3":{"start":{"line":9,"column":4},"end":{"line":9,"column":78}},"4":{"start":{"line":13,"column":4},"end":{"line":13,"column":27}},"5":{"start":{"line":17,"column":4},"end":{"line":17,"column":35}},"6":{"start":{"line":21,"column":0},"end":{"line":21,"column":35}}},"fnMap":{"0":{"name":"(anonymous_0)","decl":{"start":{"line":7,"column":2},"end":{"line":7,"column":3}},"loc":{"start":{"line":7,"column":16},"end":{"line":10,"column":3}},"line":7},"1":{"name":"(anonymous_1)","decl":{"start":{"line":12,"column":2},"end":{"line":12,"column":3}},"loc":{"start":{"line":12,"column":19},"end":{"line":14,"column":3}},"line":12},"2":{"name":"(anonymous_2)","decl":{"start":{"line":16,"column":2},"end":{"line":16,"column":3}},"loc":{"start":{"line":16,"column":20},"end":{"line":18,"column":3}},"line":16}},"branchMap":{},"s":{"0":0,"1":0,"2":0,"3":0,"4":0,"5":0,"6":0},"f":{"0":0,"1":0,"2":0},"b":{}}
,"/Users/macbookpro/Desktop/o2a-newbackend/src/config/MemoryDatabaseServer.js": {"path":"/Users/macbookpro/Desktop/o2a-newbackend/src/config/MemoryDatabaseServer.js","statementMap":{"0":{"start":{"line":1,"column":30},"end":{"line":1,"column":62}},"1":{"start":{"line":5,"column":4},"end":{"line":10,"column":7}},"2":{"start":{"line":14,"column":4},"end":{"line":14,"column":31}},"3":{"start":{"line":18,"column":4},"end":{"line":18,"column":30}},"4":{"start":{"line":22,"column":4},"end":{"line":22,"column":45}},"5":{"start":{"line":26,"column":0},"end":{"line":26,"column":44}}},"fnMap":{"0":{"name":"(anonymous_0)","decl":{"start":{"line":4,"column":2},"end":{"line":4,"column":3}},"loc":{"start":{"line":4,"column":16},"end":{"line":11,"column":3}},"line":4},"1":{"name":"(anonymous_1)","decl":{"start":{"line":13,"column":2},"end":{"line":13,"column":3}},"loc":{"start":{"line":13,"column":10},"end":{"line":15,"column":3}},"line":13},"2":{"name":"(anonymous_2)","decl":{"start":{"line":17,"column":2},"end":{"line":17,"column":3}},"loc":{"start":{"line":17,"column":9},"end":{"line":19,"column":3}},"line":17},"3":{"name":"(anonymous_3)","decl":{"start":{"line":21,"column":2},"end":{"line":21,"column":3}},"loc":{"start":{"line":21,"column":24},"end":{"line":23,"column":3}},"line":21}},"branchMap":{},"s":{"0":0,"1":0,"2":0,"3":0,"4":0,"5":0},"f":{"0":0,"1":0,"2":0,"3":0},"b":{}}
,"/Users/macbookpro/Desktop/o2a-newbackend/src/config/database.js": {"path":"/Users/macbookpro/Desktop/o2a-newbackend/src/config/database.js","statementMap":{"0":{"start":{"line":1,"column":17},"end":{"line":1,"column":36}},"1":{"start":{"line":3,"column":16},"end":{"line":15,"column":1}},"2":{"start":{"line":4,"column":2},"end":{"line":14,"column":3}},"3":{"start":{"line":5,"column":4},"end":{"line":13,"column":6}},"4":{"start":{"line":17,"column":17},"end":{"line":27,"column":1}},"5":{"start":{"line":18,"column":2},"end":{"line":26,"column":3}},"6":{"start":{"line":19,"column":28},"end":{"line":19,"column":47}},"7":{"start":{"line":21,"column":21},"end":{"line":23,"column":5}},"8":{"start":{"line":22,"column":6},"end":{"line":22,"column":63}},"9":{"start":{"line":25,"column":4},"end":{"line":25,"column":32}},"10":{"start":{"line":29,"column":19},"end":{"line":33,"column":1}},"11":{"start":{"line":30,"column":2},"end":{"line":32,"column":3}},"12":{"start":{"line":31,"column":4},"end":{"line":31,"column":32}},"13":{"start":{"line":35,"column":0},"end":{"line":39,"column":2}}},"fnMap":{"0":{"name":"(anonymous_0)","decl":{"start":{"line":3,"column":16},"end":{"line":3,"column":17}},"loc":{"start":{"line":3,"column":28},"end":{"line":15,"column":1}},"line":3},"1":{"name":"(anonymous_1)","decl":{"start":{"line":17,"column":17},"end":{"line":17,"column":18}},"loc":{"start":{"line":17,"column":29},"end":{"line":27,"column":1}},"line":17},"2":{"name":"(anonymous_2)","decl":{"start":{"line":21,"column":50},"end":{"line":21,"column":51}},"loc":{"start":{"line":22,"column":6},"end":{"line":22,"column":63}},"line":22},"3":{"name":"(anonymous_3)","decl":{"start":{"line":29,"column":19},"end":{"line":29,"column":20}},"loc":{"start":{"line":29,"column":31},"end":{"line":33,"column":1}},"line":29}},"branchMap":{"0":{"loc":{"start":{"line":4,"column":2},"end":{"line":14,"column":3}},"type":"if","locations":[{"start":{"line":4,"column":2},"end":{"line":14,"column":3}},{"start":{},"end":{}}],"line":4},"1":{"loc":{"start":{"line":6,"column":6},"end":{"line":6,"column":78}},"type":"cond-expr","locations":[{"start":{"line":6,"column":40},"end":{"line":6,"column":57}},{"start":{"line":6,"column":60},"end":{"line":6,"column":78}}],"line":6},"2":{"loc":{"start":{"line":18,"column":2},"end":{"line":26,"column":3}},"type":"if","locations":[{"start":{"line":18,"column":2},"end":{"line":26,"column":3}},{"start":{},"end":{}}],"line":18},"3":{"loc":{"start":{"line":30,"column":2},"end":{"line":32,"column":3}},"type":"if","locations":[{"start":{"line":30,"column":2},"end":{"line":32,"column":3}},{"start":{},"end":{}}],"line":30}},"s":{"0":0,"1":0,"2":0,"3":0,"4":0,"5":0,"6":0,"7":0,"8":0,"9":0,"10":0,"11":0,"12":0,"13":0},"f":{"0":0,"1":0,"2":0,"3":0},"b":{"0":[0,0],"1":[0,0],"2":[0,0],"3":[0,0]}}
,"/Users/macbookpro/Desktop/o2a-newbackend/src/config/db.js": {"path":"/Users/macbookpro/Desktop/o2a-newbackend/src/config/db.js","statementMap":{"0":{"start":{"line":1,"column":17},"end":{"line":1,"column":36}},"1":{"start":{"line":4,"column":0},"end":{"line":16,"column":64}},"2":{"start":{"line":15,"column":10},"end":{"line":15,"column":47}},"3":{"start":{"line":16,"column":14},"end":{"line":16,"column":62}}},"fnMap":{"0":{"name":"(anonymous_0)","decl":{"start":{"line":15,"column":6},"end":{"line":15,"column":7}},"loc":{"start":{"line":15,"column":10},"end":{"line":15,"column":47}},"line":15},"1":{"name":"(anonymous_1)","decl":{"start":{"line":16,"column":7},"end":{"line":16,"column":8}},"loc":{"start":{"line":16,"column":14},"end":{"line":16,"column":62}},"line":16}},"branchMap":{},"s":{"0":0,"1":0,"2":0,"3":0},"f":{"0":0,"1":0},"b":{}}
,"/Users/macbookpro/Desktop/o2a-newbackend/src/controllers/admin.controller.js": {"path":"/Users/macbookpro/Desktop/o2a-newbackend/src/controllers/admin.controller.js","statementMap":{"0":{"start":{"line":1,"column":17},"end":{"line":1,"column":51}},"1":{"start":{"line":2,"column":18},"end":{"line":2,"column":49}},"2":{"start":{"line":3,"column":18},"end":{"line":3,"column":50}},"3":{"start":{"line":4,"column":18},"end":{"line":4,"column":49}},"4":{"start":{"line":5,"column":24},"end":{"line":5,"column":61}},"5":{"start":{"line":8,"column":0},"end":{"line":41,"column":3}},"6":{"start":{"line":9,"column":58},"end":{"line":9,"column":66}},"7":{"start":{"line":10,"column":20},"end":{"line":10,"column":57}},"8":{"start":{"line":11,"column":2},"end":{"line":13,"column":3}},"9":{"start":{"line":12,"column":4},"end":{"line":12,"column":84}},"10":{"start":{"line":13,"column":4},"end":{"line":40,"column":3}},"11":{"start":{"line":14,"column":25},"end":{"line":20,"column":8}},"12":{"start":{"line":21,"column":7},"end":{"line":32,"column":10}},"13":{"start":{"line":30,"column":10},"end":{"line":30,"column":65}},"14":{"start":{"line":30,"column":19},"end":{"line":30,"column":65}},"15":{"start":{"line":33,"column":6},"end":{"line":35,"column":60}},"16":{"start":{"line":34,"column":21},"end":{"line":34,"column":72}},"17":{"start":{"line":35,"column":20},"end":{"line":35,"column":58}},"18":{"start":{"line":39,"column":6},"end":{"line":39,"column":34}},"19":{"start":{"line":43,"column":0},"end":{"line":49,"column":2}},"20":{"start":{"line":44,"column":4},"end":{"line":47,"column":9}},"21":{"start":{"line":45,"column":8},"end":{"line":46,"column":55}},"22":{"start":{"line":45,"column":18},"end":{"line":45,"column":52}},"23":{"start":{"line":46,"column":13},"end":{"line":46,"column":55}},"24":{"start":{"line":51,"column":0},"end":{"line":57,"column":2}},"25":{"start":{"line":52,"column":2},"end":{"line":55,"column":5}},"26":{"start":{"line":53,"column":4},"end":{"line":54,"column":51}},"27":{"start":{"line":53,"column":14},"end":{"line":53,"column":41}},"28":{"start":{"line":54,"column":9},"end":{"line":54,"column":51}},"29":{"start":{"line":56,"column":2},"end":{"line":56,"column":9}},"30":{"start":{"line":59,"column":0},"end":{"line":63,"column":2}},"31":{"start":{"line":60,"column":16},"end":{"line":60,"column":68}},"32":{"start":{"line":61,"column":2},"end":{"line":61,"column":32}},"33":{"start":{"line":62,"column":2},"end":{"line":62,"column":9}},"34":{"start":{"line":65,"column":0},"end":{"line":71,"column":2}},"35":{"start":{"line":66,"column":2},"end":{"line":69,"column":5}},"36":{"start":{"line":67,"column":4},"end":{"line":68,"column":51}},"37":{"start":{"line":67,"column":14},"end":{"line":67,"column":48}},"38":{"start":{"line":68,"column":9},"end":{"line":68,"column":51}},"39":{"start":{"line":70,"column":2},"end":{"line":70,"column":9}},"40":{"start":{"line":73,"column":0},"end":{"line":79,"column":2}},"41":{"start":{"line":74,"column":2},"end":{"line":77,"column":5}},"42":{"start":{"line":75,"column":4},"end":{"line":76,"column":51}},"43":{"start":{"line":75,"column":14},"end":{"line":75,"column":48}},"44":{"start":{"line":76,"column":9},"end":{"line":76,"column":51}},"45":{"start":{"line":78,"column":2},"end":{"line":78,"column":9}},"46":{"start":{"line":81,"column":0},"end":{"line":86,"column":2}},"47":{"start":{"line":82,"column":2},"end":{"line":85,"column":5}},"48":{"start":{"line":83,"column":4},"end":{"line":84,"column":51}},"49":{"start":{"line":83,"column":14},"end":{"line":83,"column":48}},"50":{"start":{"line":84,"column":9},"end":{"line":84,"column":51}},"51":{"start":{"line":88,"column":0},"end":{"line":93,"column":2}},"52":{"start":{"line":89,"column":2},"end":{"line":92,"column":5}},"53":{"start":{"line":90,"column":4},"end":{"line":91,"column":51}},"54":{"start":{"line":90,"column":14},"end":{"line":90,"column":48}},"55":{"start":{"line":91,"column":9},"end":{"line":91,"column":51}}},"fnMap":{"0":{"name":"(anonymous_0)","decl":{"start":{"line":8,"column":34},"end":{"line":8,"column":35}},"loc":{"start":{"line":8,"column":54},"end":{"line":41,"column":1}},"line":8},"1":{"name":"(anonymous_1)","decl":{"start":{"line":29,"column":8},"end":{"line":29,"column":9}},"loc":{"start":{"line":29,"column":23},"end":{"line":31,"column":9}},"line":29},"2":{"name":"(anonymous_2)","decl":{"start":{"line":34,"column":12},"end":{"line":34,"column":13}},"loc":{"start":{"line":34,"column":18},"end":{"line":34,"column":73}},"line":34},"3":{"name":"(anonymous_3)","decl":{"start":{"line":35,"column":13},"end":{"line":35,"column":14}},"loc":{"start":{"line":35,"column":20},"end":{"line":35,"column":58}},"line":35},"4":{"name":"(anonymous_4)","decl":{"start":{"line":43,"column":34},"end":{"line":43,"column":35}},"loc":{"start":{"line":43,"column":48},"end":{"line":49,"column":1}},"line":43},"5":{"name":"(anonymous_5)","decl":{"start":{"line":44,"column":42},"end":{"line":44,"column":43}},"loc":{"start":{"line":44,"column":57},"end":{"line":47,"column":7}},"line":44},"6":{"name":"(anonymous_6)","decl":{"start":{"line":51,"column":36},"end":{"line":51,"column":37}},"loc":{"start":{"line":51,"column":62},"end":{"line":57,"column":1}},"line":51},"7":{"name":"(anonymous_7)","decl":{"start":{"line":52,"column":35},"end":{"line":52,"column":36}},"loc":{"start":{"line":52,"column":50},"end":{"line":55,"column":3}},"line":52},"8":{"name":"(anonymous_8)","decl":{"start":{"line":59,"column":32},"end":{"line":59,"column":33}},"loc":{"start":{"line":59,"column":58},"end":{"line":63,"column":1}},"line":59},"9":{"name":"(anonymous_9)","decl":{"start":{"line":65,"column":38},"end":{"line":65,"column":39}},"loc":{"start":{"line":65,"column":64},"end":{"line":71,"column":1}},"line":65},"10":{"name":"(anonymous_10)","decl":{"start":{"line":66,"column":36},"end":{"line":66,"column":37}},"loc":{"start":{"line":66,"column":51},"end":{"line":69,"column":3}},"line":66},"11":{"name":"(anonymous_11)","decl":{"start":{"line":73,"column":29},"end":{"line":73,"column":30}},"loc":{"start":{"line":73,"column":55},"end":{"line":79,"column":1}},"line":73},"12":{"name":"(anonymous_12)","decl":{"start":{"line":74,"column":36},"end":{"line":74,"column":37}},"loc":{"start":{"line":74,"column":51},"end":{"line":77,"column":3}},"line":74},"13":{"name":"(anonymous_13)","decl":{"start":{"line":81,"column":37},"end":{"line":81,"column":38}},"loc":{"start":{"line":81,"column":57},"end":{"line":86,"column":1}},"line":81},"14":{"name":"(anonymous_14)","decl":{"start":{"line":82,"column":57},"end":{"line":82,"column":58}},"loc":{"start":{"line":82,"column":72},"end":{"line":85,"column":3}},"line":82},"15":{"name":"(anonymous_15)","decl":{"start":{"line":88,"column":39},"end":{"line":88,"column":40}},"loc":{"start":{"line":88,"column":59},"end":{"line":93,"column":1}},"line":88},"16":{"name":"(anonymous_16)","decl":{"start":{"line":89,"column":57},"end":{"line":89,"column":58}},"loc":{"start":{"line":89,"column":72},"end":{"line":92,"column":3}},"line":89}},"branchMap":{"0":{"loc":{"start":{"line":11,"column":2},"end":{"line":13,"column":3}},"type":"if","locations":[{"start":{"line":11,"column":2},"end":{"line":13,"column":3}},{"start":{},"end":{}}],"line":11},"1":{"loc":{"start":{"line":30,"column":10},"end":{"line":30,"column":65}},"type":"if","locations":[{"start":{"line":30,"column":10},"end":{"line":30,"column":65}},{"start":{},"end":{}}],"line":30},"2":{"loc":{"start":{"line":45,"column":8},"end":{"line":46,"column":55}},"type":"if","locations":[{"start":{"line":45,"column":8},"end":{"line":46,"column":55}},{"start":{"line":46,"column":13},"end":{"line":46,"column":55}}],"line":45},"3":{"loc":{"start":{"line":53,"column":4},"end":{"line":54,"column":51}},"type":"if","locations":[{"start":{"line":53,"column":4},"end":{"line":54,"column":51}},{"start":{"line":54,"column":9},"end":{"line":54,"column":51}}],"line":53},"4":{"loc":{"start":{"line":67,"column":4},"end":{"line":68,"column":51}},"type":"if","locations":[{"start":{"line":67,"column":4},"end":{"line":68,"column":51}},{"start":{"line":68,"column":9},"end":{"line":68,"column":51}}],"line":67},"5":{"loc":{"start":{"line":75,"column":4},"end":{"line":76,"column":51}},"type":"if","locations":[{"start":{"line":75,"column":4},"end":{"line":76,"column":51}},{"start":{"line":76,"column":9},"end":{"line":76,"column":51}}],"line":75},"6":{"loc":{"start":{"line":83,"column":4},"end":{"line":84,"column":51}},"type":"if","locations":[{"start":{"line":83,"column":4},"end":{"line":84,"column":51}},{"start":{"line":84,"column":9},"end":{"line":84,"column":51}}],"line":83},"7":{"loc":{"start":{"line":90,"column":4},"end":{"line":91,"column":51}},"type":"if","locations":[{"start":{"line":90,"column":4},"end":{"line":91,"column":51}},{"start":{"line":91,"column":9},"end":{"line":91,"column":51}}],"line":90}},"s":{"0":0,"1":0,"2":0,"3":0,"4":0,"5":0,"6":0,"7":0,"8":0,"9":0,"10":0,"11":0,"12":0,"13":0,"14":0,"15":0,"16":0,"17":0,"18":0,"19":0,"20":0,"21":0,"22":0,"23":0,"24":0,"25":0,"26":0,"27":0,"28":0,"29":0,"30":0,"31":0,"32":0,"33":0,"34":0,"35":0,"36":0,"37":0,"38":0,"39":0,"40":0,"41":0,"42":0,"43":0,"44":0,"45":0,"46":0,"47":0,"48":0,"49":0,"50":0,"51":0,"52":0,"53":0,"54":0,"55":0},"f":{"0":0,"1":0,"2":0,"3":0,"4":0,"5":0,"6":0,"7":0,"8":0,"9":0,"10":0,"11":0,"12":0,"13":0,"14":0,"15":0,"16":0},"b":{"0":[0,0],"1":[0,0],"2":[0,0],"3":[0,0],"4":[0,0],"5":[0,0],"6":[0,0],"7":[0,0]}}
,"/Users/macbookpro/Desktop/o2a-newbackend/src/controllers/auth.controller.js": {"path":"/Users/macbookpro/Desktop/o2a-newbackend/src/controllers/auth.controller.js","statementMap":{"0":{"start":{"line":1,"column":18},"end":{"line":1,"column":49}},"1":{"start":{"line":2,"column":15},"end":{"line":2,"column":32}},"2":{"start":{"line":3,"column":12},"end":{"line":3,"column":35}},"3":{"start":{"line":4,"column":39},"end":{"line":4,"column":71}},"4":{"start":{"line":7,"column":15},"end":{"line":7,"column":38}},"5":{"start":{"line":8,"column":20},"end":{"line":12,"column":1}},"6":{"start":{"line":9,"column":4},"end":{"line":11,"column":7}},"7":{"start":{"line":14,"column":0},"end":{"line":38,"column":3}},"8":{"start":{"line":15,"column":4},"end":{"line":37,"column":9}},"9":{"start":{"line":16,"column":12},"end":{"line":34,"column":19}},"10":{"start":{"line":19,"column":37},"end":{"line":26,"column":26}},"11":{"start":{"line":27,"column":24},"end":{"line":29,"column":73}},"12":{"start":{"line":28,"column":35},"end":{"line":28,"column":69}},"13":{"start":{"line":29,"column":42},"end":{"line":29,"column":71}},"14":{"start":{"line":32,"column":35},"end":{"line":32,"column":52}},"15":{"start":{"line":33,"column":20},"end":{"line":33,"column":51}},"16":{"start":{"line":36,"column":12},"end":{"line":36,"column":40}},"17":{"start":{"line":39,"column":0},"end":{"line":59,"column":1}},"18":{"start":{"line":40,"column":30},"end":{"line":40,"column":38}},"19":{"start":{"line":42,"column":4},"end":{"line":58,"column":5}},"20":{"start":{"line":43,"column":21},"end":{"line":43,"column":71}},"21":{"start":{"line":44,"column":8},"end":{"line":53,"column":9}},"22":{"start":{"line":45,"column":25},"end":{"line":45,"column":70}},"23":{"start":{"line":46,"column":12},"end":{"line":50,"column":13}},"24":{"start":{"line":47,"column":30},"end":{"line":47,"column":51}},"25":{"start":{"line":48,"column":16},"end":{"line":48,"column":67}},"26":{"start":{"line":49,"column":16},"end":{"line":49,"column":60}},"27":{"start":{"line":51,"column":12},"end":{"line":51,"column":46}},"28":{"start":{"line":54,"column":8},"end":{"line":54,"column":38}},"29":{"start":{"line":56,"column":23},"end":{"line":56,"column":40}},"30":{"start":{"line":57,"column":8},"end":{"line":57,"column":39}},"31":{"start":{"line":61,"column":0},"end":{"line":64,"column":1}},"32":{"start":{"line":62,"column":4},"end":{"line":62,"column":38}},"33":{"start":{"line":63,"column":4},"end":{"line":63,"column":22}}},"fnMap":{"0":{"name":"(anonymous_0)","decl":{"start":{"line":8,"column":20},"end":{"line":8,"column":21}},"loc":{"start":{"line":8,"column":28},"end":{"line":12,"column":1}},"line":8},"1":{"name":"(anonymous_1)","decl":{"start":{"line":14,"column":24},"end":{"line":14,"column":25}},"loc":{"start":{"line":14,"column":38},"end":{"line":38,"column":1}},"line":14},"2":{"name":"(anonymous_2)","decl":{"start":{"line":18,"column":20},"end":{"line":18,"column":21}},"loc":{"start":{"line":18,"column":28},"end":{"line":30,"column":22}},"line":18},"3":{"name":"(anonymous_3)","decl":{"start":{"line":28,"column":30},"end":{"line":28,"column":31}},"loc":{"start":{"line":28,"column":35},"end":{"line":28,"column":69}},"line":28},"4":{"name":"(anonymous_4)","decl":{"start":{"line":29,"column":31},"end":{"line":29,"column":32}},"loc":{"start":{"line":29,"column":42},"end":{"line":29,"column":71}},"line":29},"5":{"name":"(anonymous_5)","decl":{"start":{"line":31,"column":25},"end":{"line":31,"column":26}},"loc":{"start":{"line":31,"column":34},"end":{"line":34,"column":17}},"line":31},"6":{"name":"(anonymous_6)","decl":{"start":{"line":39,"column":23},"end":{"line":39,"column":24}},"loc":{"start":{"line":39,"column":44},"end":{"line":59,"column":1}},"line":39},"7":{"name":"(anonymous_7)","decl":{"start":{"line":61,"column":24},"end":{"line":61,"column":25}},"loc":{"start":{"line":61,"column":38},"end":{"line":64,"column":1}},"line":61}},"branchMap":{"0":{"loc":{"start":{"line":44,"column":8},"end":{"line":53,"column":9}},"type":"if","locations":[{"start":{"line":44,"column":8},"end":{"line":53,"column":9}},{"start":{},"end":{}}],"line":44},"1":{"loc":{"start":{"line":46,"column":12},"end":{"line":50,"column":13}},"type":"if","locations":[{"start":{"line":46,"column":12},"end":{"line":50,"column":13}},{"start":{},"end":{}}],"line":46}},"s":{"0":0,"1":0,"2":0,"3":0,"4":0,"5":0,"6":0,"7":0,"8":0,"9":0,"10":0,"11":0,"12":0,"13":0,"14":0,"15":0,"16":0,"17":0,"18":0,"19":0,"20":0,"21":0,"22":0,"23":0,"24":0,"25":0,"26":0,"27":0,"28":0,"29":0,"30":0,"31":0,"32":0,"33":0},"f":{"0":0,"1":0,"2":0,"3":0,"4":0,"5":0,"6":0,"7":0},"b":{"0":[0,0],"1":[0,0]}}
,"/Users/macbookpro/Desktop/o2a-newbackend/src/controllers/comment.controller.js": {"path":"/Users/macbookpro/Desktop/o2a-newbackend/src/controllers/comment.controller.js","statementMap":{"0":{"start":{"line":1,"column":18},"end":{"line":1,"column":49}},"1":{"start":{"line":2,"column":21},"end":{"line":2,"column":55}},"2":{"start":{"line":5,"column":0},"end":{"line":25,"column":4}},"3":{"start":{"line":6,"column":4},"end":{"line":9,"column":5}},"4":{"start":{"line":8,"column":8},"end":{"line":8,"column":69}},"5":{"start":{"line":12,"column":23},"end":{"line":18,"column":8}},"6":{"start":{"line":19,"column":6},"end":{"line":24,"column":5}},"7":{"start":{"line":20,"column":8},"end":{"line":20,"column":25}},"8":{"start":{"line":21,"column":8},"end":{"line":21,"column":59}},"9":{"start":{"line":23,"column":8},"end":{"line":23,"column":41}},"10":{"start":{"line":27,"column":0},"end":{"line":54,"column":4}},"11":{"start":{"line":28,"column":4},"end":{"line":29,"column":67}},"12":{"start":{"line":29,"column":6},"end":{"line":29,"column":67}},"13":{"start":{"line":31,"column":4},"end":{"line":53,"column":5}},"14":{"start":{"line":32,"column":6},"end":{"line":50,"column":9}},"15":{"start":{"line":33,"column":27},"end":{"line":35,"column":9}},"16":{"start":{"line":34,"column":10},"end":{"line":34,"column":48}},"17":{"start":{"line":37,"column":8},"end":{"line":37,"column":74}},"18":{"start":{"line":37,"column":25},"end":{"line":37,"column":74}},"19":{"start":{"line":38,"column":8},"end":{"line":38,"column":40}},"20":{"start":{"line":40,"column":8},"end":{"line":49,"column":11}},"21":{"start":{"line":41,"column":10},"end":{"line":47,"column":11}},"22":{"start":{"line":42,"column":14},"end":{"line":42,"column":48}},"23":{"start":{"line":46,"column":14},"end":{"line":46,"column":47}},"24":{"start":{"line":52,"column":6},"end":{"line":52,"column":39}},"25":{"start":{"line":56,"column":2},"end":{"line":68,"column":4}},"26":{"start":{"line":57,"column":4},"end":{"line":60,"column":5}},"27":{"start":{"line":59,"column":8},"end":{"line":59,"column":69}},"28":{"start":{"line":63,"column":4},"end":{"line":66,"column":33}},"29":{"start":{"line":64,"column":8},"end":{"line":65,"column":55}},"30":{"start":{"line":64,"column":18},"end":{"line":64,"column":45}},"31":{"start":{"line":65,"column":13},"end":{"line":65,"column":55}},"32":{"start":{"line":70,"column":2},"end":{"line":81,"column":4}},"33":{"start":{"line":71,"column":4},"end":{"line":74,"column":5}},"34":{"start":{"line":73,"column":8},"end":{"line":73,"column":69}},"35":{"start":{"line":77,"column":2},"end":{"line":80,"column":5}},"36":{"start":{"line":78,"column":4},"end":{"line":79,"column":40}},"37":{"start":{"line":78,"column":14},"end":{"line":78,"column":72}},"38":{"start":{"line":79,"column":9},"end":{"line":79,"column":40}},"39":{"start":{"line":84,"column":0},"end":{"line":114,"column":4}},"40":{"start":{"line":85,"column":4},"end":{"line":86,"column":67}},"41":{"start":{"line":86,"column":6},"end":{"line":86,"column":67}},"42":{"start":{"line":88,"column":4},"end":{"line":113,"column":5}},"43":{"start":{"line":89,"column":6},"end":{"line":98,"column":8}},"44":{"start":{"line":96,"column":10},"end":{"line":96,"column":52}},"45":{"start":{"line":96,"column":19},"end":{"line":96,"column":52}},"46":{"start":{"line":100,"column":7},"end":{"line":110,"column":8}},"47":{"start":{"line":107,"column":10},"end":{"line":108,"column":48}},"48":{"start":{"line":107,"column":20},"end":{"line":107,"column":47}},"49":{"start":{"line":108,"column":15},"end":{"line":108,"column":48}},"50":{"start":{"line":112,"column":6},"end":{"line":112,"column":39}},"51":{"start":{"line":116,"column":2},"end":{"line":145,"column":4}},"52":{"start":{"line":117,"column":4},"end":{"line":118,"column":67}},"53":{"start":{"line":118,"column":6},"end":{"line":118,"column":67}},"54":{"start":{"line":120,"column":4},"end":{"line":144,"column":5}},"55":{"start":{"line":121,"column":6},"end":{"line":130,"column":8}},"56":{"start":{"line":128,"column":10},"end":{"line":128,"column":52}},"57":{"start":{"line":128,"column":19},"end":{"line":128,"column":52}},"58":{"start":{"line":131,"column":7},"end":{"line":141,"column":8}},"59":{"start":{"line":138,"column":10},"end":{"line":139,"column":48}},"60":{"start":{"line":138,"column":20},"end":{"line":138,"column":47}},"61":{"start":{"line":139,"column":15},"end":{"line":139,"column":48}},"62":{"start":{"line":143,"column":6},"end":{"line":143,"column":39}},"63":{"start":{"line":147,"column":2},"end":{"line":176,"column":4}},"64":{"start":{"line":148,"column":4},"end":{"line":149,"column":67}},"65":{"start":{"line":149,"column":6},"end":{"line":149,"column":67}},"66":{"start":{"line":151,"column":4},"end":{"line":175,"column":5}},"67":{"start":{"line":152,"column":7},"end":{"line":161,"column":8}},"68":{"start":{"line":159,"column":10},"end":{"line":159,"column":52}},"69":{"start":{"line":159,"column":19},"end":{"line":159,"column":52}},"70":{"start":{"line":162,"column":7},"end":{"line":172,"column":8}},"71":{"start":{"line":169,"column":10},"end":{"line":170,"column":48}},"72":{"start":{"line":169,"column":20},"end":{"line":169,"column":47}},"73":{"start":{"line":170,"column":15},"end":{"line":170,"column":48}},"74":{"start":{"line":174,"column":6},"end":{"line":174,"column":39}},"75":{"start":{"line":178,"column":2},"end":{"line":208,"column":4}},"76":{"start":{"line":179,"column":4},"end":{"line":180,"column":67}},"77":{"start":{"line":180,"column":6},"end":{"line":180,"column":67}},"78":{"start":{"line":182,"column":4},"end":{"line":207,"column":5}},"79":{"start":{"line":183,"column":6},"end":{"line":192,"column":8}},"80":{"start":{"line":190,"column":10},"end":{"line":190,"column":52}},"81":{"start":{"line":190,"column":19},"end":{"line":190,"column":52}},"82":{"start":{"line":194,"column":6},"end":{"line":204,"column":8}},"83":{"start":{"line":201,"column":10},"end":{"line":202,"column":48}},"84":{"start":{"line":201,"column":20},"end":{"line":201,"column":47}},"85":{"start":{"line":202,"column":15},"end":{"line":202,"column":48}},"86":{"start":{"line":206,"column":6},"end":{"line":206,"column":39}}},"fnMap":{"0":{"name":"(anonymous_0)","decl":{"start":{"line":5,"column":25},"end":{"line":5,"column":26}},"loc":{"start":{"line":5,"column":39},"end":{"line":25,"column":3}},"line":5},"1":{"name":"(anonymous_1)","decl":{"start":{"line":27,"column":29},"end":{"line":27,"column":30}},"loc":{"start":{"line":27,"column":43},"end":{"line":54,"column":3}},"line":27},"2":{"name":"(anonymous_2)","decl":{"start":{"line":32,"column":50},"end":{"line":32,"column":51}},"loc":{"start":{"line":32,"column":65},"end":{"line":50,"column":7}},"line":32},"3":{"name":"(anonymous_3)","decl":{"start":{"line":33,"column":46},"end":{"line":33,"column":47}},"loc":{"start":{"line":34,"column":10},"end":{"line":34,"column":48}},"line":34},"4":{"name":"(anonymous_4)","decl":{"start":{"line":40,"column":25},"end":{"line":40,"column":26}},"loc":{"start":{"line":40,"column":34},"end":{"line":49,"column":9}},"line":40},"5":{"name":"(anonymous_5)","decl":{"start":{"line":56,"column":35},"end":{"line":56,"column":36}},"loc":{"start":{"line":56,"column":49},"end":{"line":68,"column":3}},"line":56},"6":{"name":"(anonymous_6)","decl":{"start":{"line":63,"column":46},"end":{"line":63,"column":47}},"loc":{"start":{"line":63,"column":61},"end":{"line":66,"column":7}},"line":63},"7":{"name":"(anonymous_7)","decl":{"start":{"line":70,"column":33},"end":{"line":70,"column":34}},"loc":{"start":{"line":70,"column":47},"end":{"line":81,"column":3}},"line":70},"8":{"name":"(anonymous_8)","decl":{"start":{"line":77,"column":48},"end":{"line":77,"column":49}},"loc":{"start":{"line":77,"column":63},"end":{"line":80,"column":3}},"line":77},"9":{"name":"(anonymous_9)","decl":{"start":{"line":84,"column":29},"end":{"line":84,"column":30}},"loc":{"start":{"line":84,"column":43},"end":{"line":114,"column":3}},"line":84},"10":{"name":"(anonymous_10)","decl":{"start":{"line":95,"column":8},"end":{"line":95,"column":9}},"loc":{"start":{"line":95,"column":23},"end":{"line":97,"column":9}},"line":95},"11":{"name":"(anonymous_11)","decl":{"start":{"line":106,"column":8},"end":{"line":106,"column":9}},"loc":{"start":{"line":106,"column":23},"end":{"line":109,"column":9}},"line":106},"12":{"name":"(anonymous_12)","decl":{"start":{"line":116,"column":34},"end":{"line":116,"column":35}},"loc":{"start":{"line":116,"column":48},"end":{"line":145,"column":3}},"line":116},"13":{"name":"(anonymous_13)","decl":{"start":{"line":127,"column":8},"end":{"line":127,"column":9}},"loc":{"start":{"line":127,"column":23},"end":{"line":129,"column":9}},"line":127},"14":{"name":"(anonymous_14)","decl":{"start":{"line":137,"column":8},"end":{"line":137,"column":9}},"loc":{"start":{"line":137,"column":23},"end":{"line":140,"column":9}},"line":137},"15":{"name":"(anonymous_15)","decl":{"start":{"line":147,"column":34},"end":{"line":147,"column":35}},"loc":{"start":{"line":147,"column":48},"end":{"line":176,"column":3}},"line":147},"16":{"name":"(anonymous_16)","decl":{"start":{"line":158,"column":8},"end":{"line":158,"column":9}},"loc":{"start":{"line":158,"column":23},"end":{"line":160,"column":9}},"line":158},"17":{"name":"(anonymous_17)","decl":{"start":{"line":168,"column":8},"end":{"line":168,"column":9}},"loc":{"start":{"line":168,"column":23},"end":{"line":171,"column":9}},"line":168},"18":{"name":"(anonymous_18)","decl":{"start":{"line":178,"column":36},"end":{"line":178,"column":37}},"loc":{"start":{"line":178,"column":50},"end":{"line":208,"column":3}},"line":178},"19":{"name":"(anonymous_19)","decl":{"start":{"line":189,"column":8},"end":{"line":189,"column":9}},"loc":{"start":{"line":189,"column":23},"end":{"line":191,"column":9}},"line":189},"20":{"name":"(anonymous_20)","decl":{"start":{"line":200,"column":8},"end":{"line":200,"column":9}},"loc":{"start":{"line":200,"column":23},"end":{"line":203,"column":9}},"line":200}},"branchMap":{"0":{"loc":{"start":{"line":6,"column":4},"end":{"line":9,"column":5}},"type":"if","locations":[{"start":{"line":6,"column":4},"end":{"line":9,"column":5}},{"start":{},"end":{}}],"line":6},"1":{"loc":{"start":{"line":28,"column":4},"end":{"line":29,"column":67}},"type":"if","locations":[{"start":{"line":28,"column":4},"end":{"line":29,"column":67}},{"start":{},"end":{}}],"line":28},"2":{"loc":{"start":{"line":37,"column":8},"end":{"line":37,"column":74}},"type":"if","locations":[{"start":{"line":37,"column":8},"end":{"line":37,"column":74}},{"start":{},"end":{}}],"line":37},"3":{"loc":{"start":{"line":41,"column":10},"end":{"line":47,"column":11}},"type":"if","locations":[{"start":{"line":41,"column":10},"end":{"line":47,"column":11}},{"start":{"line":45,"column":10},"end":{"line":47,"column":11}}],"line":41},"4":{"loc":{"start":{"line":57,"column":4},"end":{"line":60,"column":5}},"type":"if","locations":[{"start":{"line":57,"column":4},"end":{"line":60,"column":5}},{"start":{},"end":{}}],"line":57},"5":{"loc":{"start":{"line":64,"column":8},"end":{"line":65,"column":55}},"type":"if","locations":[{"start":{"line":64,"column":8},"end":{"line":65,"column":55}},{"start":{"line":65,"column":13},"end":{"line":65,"column":55}}],"line":64},"6":{"loc":{"start":{"line":71,"column":4},"end":{"line":74,"column":5}},"type":"if","locations":[{"start":{"line":71,"column":4},"end":{"line":74,"column":5}},{"start":{},"end":{}}],"line":71},"7":{"loc":{"start":{"line":78,"column":4},"end":{"line":79,"column":40}},"type":"if","locations":[{"start":{"line":78,"column":4},"end":{"line":79,"column":40}},{"start":{"line":79,"column":9},"end":{"line":79,"column":40}}],"line":78},"8":{"loc":{"start":{"line":85,"column":4},"end":{"line":86,"column":67}},"type":"if","locations":[{"start":{"line":85,"column":4},"end":{"line":86,"column":67}},{"start":{},"end":{}}],"line":85},"9":{"loc":{"start":{"line":96,"column":10},"end":{"line":96,"column":52}},"type":"if","locations":[{"start":{"line":96,"column":10},"end":{"line":96,"column":52}},{"start":{},"end":{}}],"line":96},"10":{"loc":{"start":{"line":107,"column":10},"end":{"line":108,"column":48}},"type":"if","locations":[{"start":{"line":107,"column":10},"end":{"line":108,"column":48}},{"start":{"line":108,"column":15},"end":{"line":108,"column":48}}],"line":107},"11":{"loc":{"start":{"line":117,"column":4},"end":{"line":118,"column":67}},"type":"if","locations":[{"start":{"line":117,"column":4},"end":{"line":118,"column":67}},{"start":{},"end":{}}],"line":117},"12":{"loc":{"start":{"line":128,"column":10},"end":{"line":128,"column":52}},"type":"if","locations":[{"start":{"line":128,"column":10},"end":{"line":128,"column":52}},{"start":{},"end":{}}],"line":128},"13":{"loc":{"start":{"line":138,"column":10},"end":{"line":139,"column":48}},"type":"if","locations":[{"start":{"line":138,"column":10},"end":{"line":139,"column":48}},{"start":{"line":139,"column":15},"end":{"line":139,"column":48}}],"line":138},"14":{"loc":{"start":{"line":148,"column":4},"end":{"line":149,"column":67}},"type":"if","locations":[{"start":{"line":148,"column":4},"end":{"line":149,"column":67}},{"start":{},"end":{}}],"line":148},"15":{"loc":{"start":{"line":159,"column":10},"end":{"line":159,"column":52}},"type":"if","locations":[{"start":{"line":159,"column":10},"end":{"line":159,"column":52}},{"start":{},"end":{}}],"line":159},"16":{"loc":{"start":{"line":169,"column":10},"end":{"line":170,"column":48}},"type":"if","locations":[{"start":{"line":169,"column":10},"end":{"line":170,"column":48}},{"start":{"line":170,"column":15},"end":{"line":170,"column":48}}],"line":169},"17":{"loc":{"start":{"line":179,"column":4},"end":{"line":180,"column":67}},"type":"if","locations":[{"start":{"line":179,"column":4},"end":{"line":180,"column":67}},{"start":{},"end":{}}],"line":179},"18":{"loc":{"start":{"line":190,"column":10},"end":{"line":190,"column":52}},"type":"if","locations":[{"start":{"line":190,"column":10},"end":{"line":190,"column":52}},{"start":{},"end":{}}],"line":190},"19":{"loc":{"start":{"line":201,"column":10},"end":{"line":202,"column":48}},"type":"if","locations":[{"start":{"line":201,"column":10},"end":{"line":202,"column":48}},{"start":{"line":202,"column":15},"end":{"line":202,"column":48}}],"line":201}},"s":{"0":0,"1":0,"2":0,"3":0,"4":0,"5":0,"6":0,"7":0,"8":0,"9":0,"10":0,"11":0,"12":0,"13":0,"14":0,"15":0,"16":0,"17":0,"18":0,"19":0,"20":0,"21":0,"22":0,"23":0,"24":0,"25":0,"26":0,"27":0,"28":0,"29":0,"30":0,"31":0,"32":0,"33":0,"34":0,"35":0,"36":0,"37":0,"38":0,"39":0,"40":0,"41":0,"42":0,"43":0,"44":0,"45":0,"46":0,"47":0,"48":0,"49":0,"50":0,"51":0,"52":0,"53":0,"54":0,"55":0,"56":0,"57":0,"58":0,"59":0,"60":0,"61":0,"62":0,"63":0,"64":0,"65":0,"66":0,"67":0,"68":0,"69":0,"70":0,"71":0,"72":0,"73":0,"74":0,"75":0,"76":0,"77":0,"78":0,"79":0,"80":0,"81":0,"82":0,"83":0,"84":0,"85":0,"86":0},"f":{"0":0,"1":0,"2":0,"3":0,"4":0,"5":0,"6":0,"7":0,"8":0,"9":0,"10":0,"11":0,"12":0,"13":0,"14":0,"15":0,"16":0,"17":0,"18":0,"19":0,"20":0},"b":{"0":[0,0],"1":[0,0],"2":[0,0],"3":[0,0],"4":[0,0],"5":[0,0],"6":[0,0],"7":[0,0],"8":[0,0],"9":[0,0],"10":[0,0],"11":[0,0],"12":[0,0],"13":[0,0],"14":[0,0],"15":[0,0],"16":[0,0],"17":[0,0],"18":[0,0],"19":[0,0]}}
,"/Users/macbookpro/Desktop/o2a-newbackend/src/controllers/post.controller.js": {"path":"/Users/macbookpro/Desktop/o2a-newbackend/src/controllers/post.controller.js","statementMap":{"0":{"start":{"line":1,"column":18},"end":{"line":1,"column":49}},"1":{"start":{"line":2,"column":19},"end":{"line":2,"column":51}},"2":{"start":{"line":3,"column":18},"end":{"line":3,"column":49}},"3":{"start":{"line":4,"column":25},"end":{"line":4,"column":57}},"4":{"start":{"line":5,"column":17},"end":{"line":5,"column":51}},"5":{"start":{"line":6,"column":11},"end":{"line":6,"column":24}},"6":{"start":{"line":7,"column":22},"end":{"line":7,"column":37}},"7":{"start":{"line":8,"column":17},"end":{"line":8,"column":54}},"8":{"start":{"line":10,"column":0},"end":{"line":15,"column":2}},"9":{"start":{"line":11,"column":2},"end":{"line":14,"column":29}},"10":{"start":{"line":12,"column":4},"end":{"line":13,"column":51}},"11":{"start":{"line":12,"column":14},"end":{"line":12,"column":41}},"12":{"start":{"line":13,"column":9},"end":{"line":13,"column":51}},"13":{"start":{"line":17,"column":0},"end":{"line":25,"column":2}},"14":{"start":{"line":18,"column":2},"end":{"line":19,"column":65}},"15":{"start":{"line":19,"column":4},"end":{"line":19,"column":65}},"16":{"start":{"line":21,"column":2},"end":{"line":24,"column":29}},"17":{"start":{"line":22,"column":4},"end":{"line":23,"column":51}},"18":{"start":{"line":22,"column":14},"end":{"line":22,"column":29}},"19":{"start":{"line":23,"column":9},"end":{"line":23,"column":51}},"20":{"start":{"line":27,"column":0},"end":{"line":69,"column":2}},"21":{"start":{"line":30,"column":2},"end":{"line":52,"column":3}},"22":{"start":{"line":31,"column":4},"end":{"line":43,"column":5}},"23":{"start":{"line":32,"column":6},"end":{"line":37,"column":36}},"24":{"start":{"line":37,"column":8},"end":{"line":37,"column":36}},"25":{"start":{"line":39,"column":6},"end":{"line":39,"column":58}},"26":{"start":{"line":39,"column":34},"end":{"line":39,"column":58}},"27":{"start":{"line":41,"column":21},"end":{"line":41,"column":38}},"28":{"start":{"line":42,"column":6},"end":{"line":42,"column":46}},"29":{"start":{"line":44,"column":4},"end":{"line":44,"column":55}},"30":{"start":{"line":46,"column":4},"end":{"line":51,"column":6}},"31":{"start":{"line":54,"column":18},"end":{"line":62,"column":4}},"32":{"start":{"line":64,"column":2},"end":{"line":68,"column":3}},"33":{"start":{"line":65,"column":4},"end":{"line":65,"column":49}},"34":{"start":{"line":67,"column":4},"end":{"line":67,"column":37}},"35":{"start":{"line":71,"column":0},"end":{"line":119,"column":2}},"36":{"start":{"line":74,"column":2},"end":{"line":96,"column":3}},"37":{"start":{"line":75,"column":4},"end":{"line":87,"column":5}},"38":{"start":{"line":76,"column":6},"end":{"line":81,"column":36}},"39":{"start":{"line":81,"column":8},"end":{"line":81,"column":36}},"40":{"start":{"line":83,"column":6},"end":{"line":83,"column":58}},"41":{"start":{"line":83,"column":34},"end":{"line":83,"column":58}},"42":{"start":{"line":85,"column":21},"end":{"line":85,"column":38}},"43":{"start":{"line":86,"column":6},"end":{"line":86,"column":46}},"44":{"start":{"line":88,"column":4},"end":{"line":88,"column":55}},"45":{"start":{"line":90,"column":4},"end":{"line":95,"column":6}},"46":{"start":{"line":98,"column":18},"end":{"line":107,"column":4}},"47":{"start":{"line":108,"column":2},"end":{"line":118,"column":3}},"48":{"start":{"line":109,"column":4},"end":{"line":109,"column":18}},"49":{"start":{"line":110,"column":21},"end":{"line":113,"column":6}},"50":{"start":{"line":114,"column":4},"end":{"line":114,"column":19}},"51":{"start":{"line":115,"column":4},"end":{"line":115,"column":49}},"52":{"start":{"line":117,"column":4},"end":{"line":117,"column":37}},"53":{"start":{"line":121,"column":0},"end":{"line":139,"column":2}},"54":{"start":{"line":122,"column":2},"end":{"line":123,"column":65}},"55":{"start":{"line":123,"column":4},"end":{"line":123,"column":65}},"56":{"start":{"line":124,"column":2},"end":{"line":138,"column":4}},"57":{"start":{"line":135,"column":6},"end":{"line":136,"column":48}},"58":{"start":{"line":135,"column":16},"end":{"line":135,"column":43}},"59":{"start":{"line":136,"column":11},"end":{"line":136,"column":48}},"60":{"start":{"line":141,"column":0},"end":{"line":149,"column":2}},"61":{"start":{"line":142,"column":2},"end":{"line":143,"column":65}},"62":{"start":{"line":143,"column":4},"end":{"line":143,"column":65}},"63":{"start":{"line":145,"column":2},"end":{"line":148,"column":5}},"64":{"start":{"line":146,"column":4},"end":{"line":147,"column":46}},"65":{"start":{"line":146,"column":14},"end":{"line":146,"column":65}},"66":{"start":{"line":147,"column":9},"end":{"line":147,"column":46}},"67":{"start":{"line":151,"column":0},"end":{"line":180,"column":2}},"68":{"start":{"line":152,"column":2},"end":{"line":153,"column":65}},"69":{"start":{"line":153,"column":4},"end":{"line":153,"column":65}},"70":{"start":{"line":155,"column":2},"end":{"line":179,"column":3}},"71":{"start":{"line":156,"column":4},"end":{"line":165,"column":6}},"72":{"start":{"line":163,"column":8},"end":{"line":163,"column":50}},"73":{"start":{"line":163,"column":17},"end":{"line":163,"column":50}},"74":{"start":{"line":166,"column":5},"end":{"line":176,"column":6}},"75":{"start":{"line":173,"column":8},"end":{"line":174,"column":46}},"76":{"start":{"line":173,"column":18},"end":{"line":173,"column":45}},"77":{"start":{"line":174,"column":13},"end":{"line":174,"column":46}},"78":{"start":{"line":178,"column":4},"end":{"line":178,"column":37}},"79":{"start":{"line":182,"column":0},"end":{"line":211,"column":2}},"80":{"start":{"line":183,"column":2},"end":{"line":184,"column":65}},"81":{"start":{"line":184,"column":4},"end":{"line":184,"column":65}},"82":{"start":{"line":186,"column":2},"end":{"line":210,"column":3}},"83":{"start":{"line":187,"column":5},"end":{"line":196,"column":6}},"84":{"start":{"line":194,"column":8},"end":{"line":194,"column":50}},"85":{"start":{"line":194,"column":17},"end":{"line":194,"column":50}},"86":{"start":{"line":197,"column":5},"end":{"line":207,"column":6}},"87":{"start":{"line":204,"column":8},"end":{"line":205,"column":46}},"88":{"start":{"line":204,"column":18},"end":{"line":204,"column":45}},"89":{"start":{"line":205,"column":13},"end":{"line":205,"column":46}},"90":{"start":{"line":209,"column":4},"end":{"line":209,"column":37}},"91":{"start":{"line":213,"column":0},"end":{"line":242,"column":2}},"92":{"start":{"line":214,"column":2},"end":{"line":215,"column":65}},"93":{"start":{"line":215,"column":4},"end":{"line":215,"column":65}},"94":{"start":{"line":217,"column":2},"end":{"line":241,"column":3}},"95":{"start":{"line":218,"column":5},"end":{"line":227,"column":6}},"96":{"start":{"line":225,"column":8},"end":{"line":225,"column":50}},"97":{"start":{"line":225,"column":17},"end":{"line":225,"column":50}},"98":{"start":{"line":228,"column":5},"end":{"line":238,"column":6}},"99":{"start":{"line":235,"column":8},"end":{"line":236,"column":46}},"100":{"start":{"line":235,"column":18},"end":{"line":235,"column":45}},"101":{"start":{"line":236,"column":13},"end":{"line":236,"column":46}},"102":{"start":{"line":240,"column":4},"end":{"line":240,"column":37}},"103":{"start":{"line":244,"column":0},"end":{"line":273,"column":2}},"104":{"start":{"line":245,"column":2},"end":{"line":246,"column":65}},"105":{"start":{"line":246,"column":4},"end":{"line":246,"column":65}},"106":{"start":{"line":248,"column":2},"end":{"line":272,"column":3}},"107":{"start":{"line":249,"column":5},"end":{"line":258,"column":6}},"108":{"start":{"line":256,"column":8},"end":{"line":256,"column":50}},"109":{"start":{"line":256,"column":17},"end":{"line":256,"column":50}},"110":{"start":{"line":259,"column":5},"end":{"line":269,"column":6}},"111":{"start":{"line":266,"column":8},"end":{"line":267,"column":46}},"112":{"start":{"line":266,"column":18},"end":{"line":266,"column":45}},"113":{"start":{"line":267,"column":13},"end":{"line":267,"column":46}},"114":{"start":{"line":271,"column":4},"end":{"line":271,"column":37}}},"fnMap":{"0":{"name":"(anonymous_0)","decl":{"start":{"line":10,"column":26},"end":{"line":10,"column":27}},"loc":{"start":{"line":10,"column":40},"end":{"line":15,"column":1}},"line":10},"1":{"name":"(anonymous_1)","decl":{"start":{"line":11,"column":17},"end":{"line":11,"column":18}},"loc":{"start":{"line":11,"column":32},"end":{"line":14,"column":3}},"line":11},"2":{"name":"(anonymous_2)","decl":{"start":{"line":17,"column":29},"end":{"line":17,"column":30}},"loc":{"start":{"line":17,"column":43},"end":{"line":25,"column":1}},"line":17},"3":{"name":"(anonymous_3)","decl":{"start":{"line":21,"column":43},"end":{"line":21,"column":44}},"loc":{"start":{"line":21,"column":58},"end":{"line":24,"column":3}},"line":21},"4":{"name":"(anonymous_4)","decl":{"start":{"line":27,"column":34},"end":{"line":27,"column":35}},"loc":{"start":{"line":27,"column":54},"end":{"line":69,"column":1}},"line":27},"5":{"name":"(anonymous_5)","decl":{"start":{"line":71,"column":35},"end":{"line":71,"column":36}},"loc":{"start":{"line":71,"column":55},"end":{"line":119,"column":1}},"line":71},"6":{"name":"(anonymous_6)","decl":{"start":{"line":121,"column":28},"end":{"line":121,"column":29}},"loc":{"start":{"line":121,"column":42},"end":{"line":139,"column":1}},"line":121},"7":{"name":"(anonymous_7)","decl":{"start":{"line":134,"column":4},"end":{"line":134,"column":5}},"loc":{"start":{"line":134,"column":19},"end":{"line":137,"column":5}},"line":134},"8":{"name":"(anonymous_8)","decl":{"start":{"line":141,"column":28},"end":{"line":141,"column":29}},"loc":{"start":{"line":141,"column":42},"end":{"line":149,"column":1}},"line":141},"9":{"name":"(anonymous_9)","decl":{"start":{"line":145,"column":45},"end":{"line":145,"column":46}},"loc":{"start":{"line":145,"column":60},"end":{"line":148,"column":3}},"line":145},"10":{"name":"(anonymous_10)","decl":{"start":{"line":151,"column":26},"end":{"line":151,"column":27}},"loc":{"start":{"line":151,"column":40},"end":{"line":180,"column":1}},"line":151},"11":{"name":"(anonymous_11)","decl":{"start":{"line":162,"column":6},"end":{"line":162,"column":7}},"loc":{"start":{"line":162,"column":21},"end":{"line":164,"column":7}},"line":162},"12":{"name":"(anonymous_12)","decl":{"start":{"line":172,"column":6},"end":{"line":172,"column":7}},"loc":{"start":{"line":172,"column":21},"end":{"line":175,"column":7}},"line":172},"13":{"name":"(anonymous_13)","decl":{"start":{"line":182,"column":29},"end":{"line":182,"column":30}},"loc":{"start":{"line":182,"column":43},"end":{"line":211,"column":1}},"line":182},"14":{"name":"(anonymous_14)","decl":{"start":{"line":193,"column":6},"end":{"line":193,"column":7}},"loc":{"start":{"line":193,"column":21},"end":{"line":195,"column":7}},"line":193},"15":{"name":"(anonymous_15)","decl":{"start":{"line":203,"column":6},"end":{"line":203,"column":7}},"loc":{"start":{"line":203,"column":21},"end":{"line":206,"column":7}},"line":203},"16":{"name":"(anonymous_16)","decl":{"start":{"line":213,"column":29},"end":{"line":213,"column":30}},"loc":{"start":{"line":213,"column":43},"end":{"line":242,"column":1}},"line":213},"17":{"name":"(anonymous_17)","decl":{"start":{"line":224,"column":6},"end":{"line":224,"column":7}},"loc":{"start":{"line":224,"column":21},"end":{"line":226,"column":7}},"line":224},"18":{"name":"(anonymous_18)","decl":{"start":{"line":234,"column":6},"end":{"line":234,"column":7}},"loc":{"start":{"line":234,"column":21},"end":{"line":237,"column":7}},"line":234},"19":{"name":"(anonymous_19)","decl":{"start":{"line":244,"column":31},"end":{"line":244,"column":32}},"loc":{"start":{"line":244,"column":45},"end":{"line":273,"column":1}},"line":244},"20":{"name":"(anonymous_20)","decl":{"start":{"line":255,"column":6},"end":{"line":255,"column":7}},"loc":{"start":{"line":255,"column":21},"end":{"line":257,"column":7}},"line":255},"21":{"name":"(anonymous_21)","decl":{"start":{"line":265,"column":6},"end":{"line":265,"column":7}},"loc":{"start":{"line":265,"column":21},"end":{"line":268,"column":7}},"line":265}},"branchMap":{"0":{"loc":{"start":{"line":12,"column":4},"end":{"line":13,"column":51}},"type":"if","locations":[{"start":{"line":12,"column":4},"end":{"line":13,"column":51}},{"start":{"line":13,"column":9},"end":{"line":13,"column":51}}],"line":12},"1":{"loc":{"start":{"line":18,"column":2},"end":{"line":19,"column":65}},"type":"if","locations":[{"start":{"line":18,"column":2},"end":{"line":19,"column":65}},{"start":{},"end":{}}],"line":18},"2":{"loc":{"start":{"line":22,"column":4},"end":{"line":23,"column":51}},"type":"if","locations":[{"start":{"line":22,"column":4},"end":{"line":23,"column":51}},{"start":{"line":23,"column":9},"end":{"line":23,"column":51}}],"line":22},"3":{"loc":{"start":{"line":30,"column":2},"end":{"line":52,"column":3}},"type":"if","locations":[{"start":{"line":30,"column":2},"end":{"line":52,"column":3}},{"start":{},"end":{}}],"line":30},"4":{"loc":{"start":{"line":32,"column":6},"end":{"line":37,"column":36}},"type":"if","locations":[{"start":{"line":32,"column":6},"end":{"line":37,"column":36}},{"start":{},"end":{}}],"line":32},"5":{"loc":{"start":{"line":33,"column":8},"end":{"line":35,"column":49}},"type":"binary-expr","locations":[{"start":{"line":33,"column":8},"end":{"line":33,"column":48}},{"start":{"line":34,"column":8},"end":{"line":34,"column":48}},{"start":{"line":35,"column":8},"end":{"line":35,"column":49}}],"line":33},"6":{"loc":{"start":{"line":39,"column":6},"end":{"line":39,"column":58}},"type":"if","locations":[{"start":{"line":39,"column":6},"end":{"line":39,"column":58}},{"start":{},"end":{}}],"line":39},"7":{"loc":{"start":{"line":57,"column":13},"end":{"line":57,"column":67}},"type":"cond-expr","locations":[{"start":{"line":57,"column":33},"end":{"line":57,"column":62}},{"start":{"line":57,"column":65},"end":{"line":57,"column":67}}],"line":57},"8":{"loc":{"start":{"line":74,"column":2},"end":{"line":96,"column":3}},"type":"if","locations":[{"start":{"line":74,"column":2},"end":{"line":96,"column":3}},{"start":{},"end":{}}],"line":74},"9":{"loc":{"start":{"line":76,"column":6},"end":{"line":81,"column":36}},"type":"if","locations":[{"start":{"line":76,"column":6},"end":{"line":81,"column":36}},{"start":{},"end":{}}],"line":76},"10":{"loc":{"start":{"line":77,"column":8},"end":{"line":79,"column":49}},"type":"binary-expr","locations":[{"start":{"line":77,"column":8},"end":{"line":77,"column":48}},{"start":{"line":78,"column":8},"end":{"line":78,"column":48}},{"start":{"line":79,"column":8},"end":{"line":79,"column":49}}],"line":77},"11":{"loc":{"start":{"line":83,"column":6},"end":{"line":83,"column":58}},"type":"if","locations":[{"start":{"line":83,"column":6},"end":{"line":83,"column":58}},{"start":{},"end":{}}],"line":83},"12":{"loc":{"start":{"line":102,"column":13},"end":{"line":102,"column":67}},"type":"cond-expr","locations":[{"start":{"line":102,"column":33},"end":{"line":102,"column":62}},{"start":{"line":102,"column":65},"end":{"line":102,"column":67}}],"line":102},"13":{"loc":{"start":{"line":122,"column":2},"end":{"line":123,"column":65}},"type":"if","locations":[{"start":{"line":122,"column":2},"end":{"line":123,"column":65}},{"start":{},"end":{}}],"line":122},"14":{"loc":{"start":{"line":135,"column":6},"end":{"line":136,"column":48}},"type":"if","locations":[{"start":{"line":135,"column":6},"end":{"line":136,"column":48}},{"start":{"line":136,"column":11},"end":{"line":136,"column":48}}],"line":135},"15":{"loc":{"start":{"line":142,"column":2},"end":{"line":143,"column":65}},"type":"if","locations":[{"start":{"line":142,"column":2},"end":{"line":143,"column":65}},{"start":{},"end":{}}],"line":142},"16":{"loc":{"start":{"line":146,"column":4},"end":{"line":147,"column":46}},"type":"if","locations":[{"start":{"line":146,"column":4},"end":{"line":147,"column":46}},{"start":{"line":147,"column":9},"end":{"line":147,"column":46}}],"line":146},"17":{"loc":{"start":{"line":152,"column":2},"end":{"line":153,"column":65}},"type":"if","locations":[{"start":{"line":152,"column":2},"end":{"line":153,"column":65}},{"start":{},"end":{}}],"line":152},"18":{"loc":{"start":{"line":163,"column":8},"end":{"line":163,"column":50}},"type":"if","locations":[{"start":{"line":163,"column":8},"end":{"line":163,"column":50}},{"start":{},"end":{}}],"line":163},"19":{"loc":{"start":{"line":173,"column":8},"end":{"line":174,"column":46}},"type":"if","locations":[{"start":{"line":173,"column":8},"end":{"line":174,"column":46}},{"start":{"line":174,"column":13},"end":{"line":174,"column":46}}],"line":173},"20":{"loc":{"start":{"line":183,"column":2},"end":{"line":184,"column":65}},"type":"if","locations":[{"start":{"line":183,"column":2},"end":{"line":184,"column":65}},{"start":{},"end":{}}],"line":183},"21":{"loc":{"start":{"line":194,"column":8},"end":{"line":194,"column":50}},"type":"if","locations":[{"start":{"line":194,"column":8},"end":{"line":194,"column":50}},{"start":{},"end":{}}],"line":194},"22":{"loc":{"start":{"line":204,"column":8},"end":{"line":205,"column":46}},"type":"if","locations":[{"start":{"line":204,"column":8},"end":{"line":205,"column":46}},{"start":{"line":205,"column":13},"end":{"line":205,"column":46}}],"line":204},"23":{"loc":{"start":{"line":214,"column":2},"end":{"line":215,"column":65}},"type":"if","locations":[{"start":{"line":214,"column":2},"end":{"line":215,"column":65}},{"start":{},"end":{}}],"line":214},"24":{"loc":{"start":{"line":225,"column":8},"end":{"line":225,"column":50}},"type":"if","locations":[{"start":{"line":225,"column":8},"end":{"line":225,"column":50}},{"start":{},"end":{}}],"line":225},"25":{"loc":{"start":{"line":235,"column":8},"end":{"line":236,"column":46}},"type":"if","locations":[{"start":{"line":235,"column":8},"end":{"line":236,"column":46}},{"start":{"line":236,"column":13},"end":{"line":236,"column":46}}],"line":235},"26":{"loc":{"start":{"line":245,"column":2},"end":{"line":246,"column":65}},"type":"if","locations":[{"start":{"line":245,"column":2},"end":{"line":246,"column":65}},{"start":{},"end":{}}],"line":245},"27":{"loc":{"start":{"line":256,"column":8},"end":{"line":256,"column":50}},"type":"if","locations":[{"start":{"line":256,"column":8},"end":{"line":256,"column":50}},{"start":{},"end":{}}],"line":256},"28":{"loc":{"start":{"line":266,"column":8},"end":{"line":267,"column":46}},"type":"if","locations":[{"start":{"line":266,"column":8},"end":{"line":267,"column":46}},{"start":{"line":267,"column":13},"end":{"line":267,"column":46}}],"line":266}},"s":{"0":0,"1":0,"2":0,"3":0,"4":0,"5":0,"6":0,"7":0,"8":0,"9":0,"10":0,"11":0,"12":0,"13":0,"14":0,"15":0,"16":0,"17":0,"18":0,"19":0,"20":0,"21":0,"22":0,"23":0,"24":0,"25":0,"26":0,"27":0,"28":0,"29":0,"30":0,"31":0,"32":0,"33":0,"34":0,"35":0,"36":0,"37":0,"38":0,"39":0,"40":0,"41":0,"42":0,"43":0,"44":0,"45":0,"46":0,"47":0,"48":0,"49":0,"50":0,"51":0,"52":0,"53":0,"54":0,"55":0,"56":0,"57":0,"58":0,"59":0,"60":0,"61":0,"62":0,"63":0,"64":0,"65":0,"66":0,"67":0,"68":0,"69":0,"70":0,"71":0,"72":0,"73":0,"74":0,"75":0,"76":0,"77":0,"78":0,"79":0,"80":0,"81":0,"82":0,"83":0,"84":0,"85":0,"86":0,"87":0,"88":0,"89":0,"90":0,"91":0,"92":0,"93":0,"94":0,"95":0,"96":0,"97":0,"98":0,"99":0,"100":0,"101":0,"102":0,"103":0,"104":0,"105":0,"106":0,"107":0,"108":0,"109":0,"110":0,"111":0,"112":0,"113":0,"114":0},"f":{"0":0,"1":0,"2":0,"3":0,"4":0,"5":0,"6":0,"7":0,"8":0,"9":0,"10":0,"11":0,"12":0,"13":0,"14":0,"15":0,"16":0,"17":0,"18":0,"19":0,"20":0,"21":0},"b":{"0":[0,0],"1":[0,0],"2":[0,0],"3":[0,0],"4":[0,0],"5":[0,0,0],"6":[0,0],"7":[0,0],"8":[0,0],"9":[0,0],"10":[0,0,0],"11":[0,0],"12":[0,0],"13":[0,0],"14":[0,0],"15":[0,0],"16":[0,0],"17":[0,0],"18":[0,0],"19":[0,0],"20":[0,0],"21":[0,0],"22":[0,0],"23":[0,0],"24":[0,0],"25":[0,0],"26":[0,0],"27":[0,0],"28":[0,0]}}
,"/Users/macbookpro/Desktop/o2a-newbackend/src/controllers/specialist.controller.js": {"path":"/Users/macbookpro/Desktop/o2a-newbackend/src/controllers/specialist.controller.js","statementMap":{"0":{"start":{"line":1,"column":24},"end":{"line":1,"column":61}},"1":{"start":{"line":2,"column":18},"end":{"line":2,"column":49}},"2":{"start":{"line":3,"column":18},"end":{"line":3,"column":50}},"3":{"start":{"line":4,"column":26},"end":{"line":4,"column":61}},"4":{"start":{"line":5,"column":17},"end":{"line":5,"column":51}},"5":{"start":{"line":8,"column":0},"end":{"line":13,"column":3}},"6":{"start":{"line":9,"column":4},"end":{"line":12,"column":9}},"7":{"start":{"line":10,"column":8},"end":{"line":11,"column":55}},"8":{"start":{"line":10,"column":18},"end":{"line":10,"column":45}},"9":{"start":{"line":11,"column":13},"end":{"line":11,"column":55}},"10":{"start":{"line":15,"column":1},"end":{"line":32,"column":3}},"11":{"start":{"line":16,"column":4},"end":{"line":18,"column":5}},"12":{"start":{"line":17,"column":8},"end":{"line":17,"column":69}},"13":{"start":{"line":19,"column":4},"end":{"line":31,"column":5}},"14":{"start":{"line":20,"column":8},"end":{"line":28,"column":10}},"15":{"start":{"line":21,"column":8},"end":{"line":27,"column":9}},"16":{"start":{"line":22,"column":12},"end":{"line":22,"column":39}},"17":{"start":{"line":26,"column":12},"end":{"line":26,"column":54}},"18":{"start":{"line":30,"column":8},"end":{"line":30,"column":50}},"19":{"start":{"line":34,"column":1},"end":{"line":49,"column":3}},"20":{"start":{"line":35,"column":4},"end":{"line":38,"column":5}},"21":{"start":{"line":37,"column":8},"end":{"line":37,"column":69}},"22":{"start":{"line":39,"column":5},"end":{"line":48,"column":9}},"23":{"start":{"line":40,"column":8},"end":{"line":47,"column":9}},"24":{"start":{"line":42,"column":12},"end":{"line":42,"column":39}},"25":{"start":{"line":46,"column":12},"end":{"line":46,"column":54}},"26":{"start":{"line":51,"column":0},"end":{"line":64,"column":3}},"27":{"start":{"line":52,"column":4},"end":{"line":63,"column":5}},"28":{"start":{"line":53,"column":8},"end":{"line":60,"column":10}},"29":{"start":{"line":54,"column":12},"end":{"line":59,"column":13}},"30":{"start":{"line":55,"column":16},"end":{"line":55,"column":43}},"31":{"start":{"line":58,"column":16},"end":{"line":58,"column":61}},"32":{"start":{"line":62,"column":8},"end":{"line":62,"column":53}},"33":{"start":{"line":66,"column":0},"end":{"line":84,"column":2}},"34":{"start":{"line":67,"column":37},"end":{"line":67,"column":45}},"35":{"start":{"line":68,"column":2},"end":{"line":83,"column":3}},"36":{"start":{"line":69,"column":26},"end":{"line":75,"column":8}},"37":{"start":{"line":77,"column":6},"end":{"line":79,"column":60}},"38":{"start":{"line":78,"column":21},"end":{"line":78,"column":60}},"39":{"start":{"line":79,"column":20},"end":{"line":79,"column":58}},"40":{"start":{"line":82,"column":6},"end":{"line":82,"column":34}},"41":{"start":{"line":87,"column":0},"end":{"line":111,"column":2}},"42":{"start":{"line":88,"column":4},"end":{"line":91,"column":5}},"43":{"start":{"line":90,"column":8},"end":{"line":90,"column":69}},"44":{"start":{"line":92,"column":4},"end":{"line":110,"column":6}},"45":{"start":{"line":107,"column":12},"end":{"line":108,"column":54}},"46":{"start":{"line":107,"column":22},"end":{"line":107,"column":49}},"47":{"start":{"line":108,"column":17},"end":{"line":108,"column":54}},"48":{"start":{"line":113,"column":0},"end":{"line":121,"column":4}},"49":{"start":{"line":114,"column":4},"end":{"line":115,"column":67}},"50":{"start":{"line":115,"column":6},"end":{"line":115,"column":67}},"51":{"start":{"line":117,"column":4},"end":{"line":120,"column":7}},"52":{"start":{"line":118,"column":6},"end":{"line":119,"column":48}},"53":{"start":{"line":118,"column":16},"end":{"line":118,"column":66}},"54":{"start":{"line":119,"column":11},"end":{"line":119,"column":48}},"55":{"start":{"line":124,"column":0},"end":{"line":167,"column":2}},"56":{"start":{"line":125,"column":4},"end":{"line":127,"column":5}},"57":{"start":{"line":126,"column":8},"end":{"line":126,"column":67}},"58":{"start":{"line":127,"column":6},"end":{"line":166,"column":5}},"59":{"start":{"line":129,"column":8},"end":{"line":137,"column":10}},"60":{"start":{"line":134,"column":16},"end":{"line":135,"column":47}},"61":{"start":{"line":134,"column":26},"end":{"line":134,"column":53}},"62":{"start":{"line":135,"column":21},"end":{"line":135,"column":47}},"63":{"start":{"line":138,"column":4},"end":{"line":149,"column":6}},"64":{"start":{"line":147,"column":12},"end":{"line":147,"column":54}},"65":{"start":{"line":147,"column":21},"end":{"line":147,"column":54}},"66":{"start":{"line":150,"column":4},"end":{"line":163,"column":6}},"67":{"start":{"line":161,"column":12},"end":{"line":161,"column":54}},"68":{"start":{"line":161,"column":21},"end":{"line":161,"column":54}},"69":{"start":{"line":165,"column":8},"end":{"line":165,"column":52}},"70":{"start":{"line":169,"column":0},"end":{"line":210,"column":2}},"71":{"start":{"line":170,"column":4},"end":{"line":171,"column":66}},"72":{"start":{"line":171,"column":8},"end":{"line":171,"column":66}},"73":{"start":{"line":172,"column":4},"end":{"line":209,"column":5}},"74":{"start":{"line":173,"column":8},"end":{"line":181,"column":10}},"75":{"start":{"line":178,"column":16},"end":{"line":179,"column":54}},"76":{"start":{"line":178,"column":26},"end":{"line":178,"column":53}},"77":{"start":{"line":179,"column":21},"end":{"line":179,"column":54}},"78":{"start":{"line":182,"column":5},"end":{"line":190,"column":6}},"79":{"start":{"line":187,"column":12},"end":{"line":187,"column":54}},"80":{"start":{"line":187,"column":21},"end":{"line":187,"column":54}},"81":{"start":{"line":192,"column":4},"end":{"line":205,"column":6}},"82":{"start":{"line":203,"column":12},"end":{"line":203,"column":54}},"83":{"start":{"line":203,"column":21},"end":{"line":203,"column":54}},"84":{"start":{"line":208,"column":8},"end":{"line":208,"column":52}}},"fnMap":{"0":{"name":"(anonymous_0)","decl":{"start":{"line":8,"column":37},"end":{"line":8,"column":38}},"loc":{"start":{"line":8,"column":57},"end":{"line":13,"column":2}},"line":8},"1":{"name":"(anonymous_1)","decl":{"start":{"line":9,"column":19},"end":{"line":9,"column":20}},"loc":{"start":{"line":9,"column":34},"end":{"line":12,"column":7}},"line":9},"2":{"name":"(anonymous_2)","decl":{"start":{"line":15,"column":33},"end":{"line":15,"column":34}},"loc":{"start":{"line":15,"column":53},"end":{"line":32,"column":2}},"line":15},"3":{"name":"(anonymous_3)","decl":{"start":{"line":20,"column":65},"end":{"line":20,"column":66}},"loc":{"start":{"line":20,"column":80},"end":{"line":28,"column":7}},"line":20},"4":{"name":"(anonymous_4)","decl":{"start":{"line":34,"column":29},"end":{"line":34,"column":30}},"loc":{"start":{"line":34,"column":49},"end":{"line":49,"column":2}},"line":34},"5":{"name":"(anonymous_5)","decl":{"start":{"line":39,"column":58},"end":{"line":39,"column":59}},"loc":{"start":{"line":39,"column":73},"end":{"line":48,"column":7}},"line":39},"6":{"name":"(anonymous_6)","decl":{"start":{"line":51,"column":32},"end":{"line":51,"column":33}},"loc":{"start":{"line":51,"column":52},"end":{"line":64,"column":2}},"line":51},"7":{"name":"(anonymous_7)","decl":{"start":{"line":53,"column":57},"end":{"line":53,"column":58}},"loc":{"start":{"line":53,"column":72},"end":{"line":60,"column":7}},"line":53},"8":{"name":"(anonymous_8)","decl":{"start":{"line":66,"column":35},"end":{"line":66,"column":36}},"loc":{"start":{"line":66,"column":49},"end":{"line":84,"column":1}},"line":66},"9":{"name":"(anonymous_9)","decl":{"start":{"line":78,"column":12},"end":{"line":78,"column":13}},"loc":{"start":{"line":78,"column":18},"end":{"line":78,"column":61}},"line":78},"10":{"name":"(anonymous_10)","decl":{"start":{"line":79,"column":13},"end":{"line":79,"column":14}},"loc":{"start":{"line":79,"column":20},"end":{"line":79,"column":58}},"line":79},"11":{"name":"(anonymous_11)","decl":{"start":{"line":87,"column":33},"end":{"line":87,"column":34}},"loc":{"start":{"line":87,"column":47},"end":{"line":111,"column":1}},"line":87},"12":{"name":"(anonymous_12)","decl":{"start":{"line":106,"column":8},"end":{"line":106,"column":9}},"loc":{"start":{"line":106,"column":23},"end":{"line":109,"column":9}},"line":106},"13":{"name":"(anonymous_13)","decl":{"start":{"line":113,"column":28},"end":{"line":113,"column":29}},"loc":{"start":{"line":113,"column":42},"end":{"line":121,"column":3}},"line":113},"14":{"name":"(anonymous_14)","decl":{"start":{"line":117,"column":47},"end":{"line":117,"column":48}},"loc":{"start":{"line":117,"column":62},"end":{"line":120,"column":5}},"line":117},"15":{"name":"(anonymous_15)","decl":{"start":{"line":124,"column":24},"end":{"line":124,"column":25}},"loc":{"start":{"line":124,"column":38},"end":{"line":167,"column":1}},"line":124},"16":{"name":"(anonymous_16)","decl":{"start":{"line":133,"column":12},"end":{"line":133,"column":13}},"loc":{"start":{"line":133,"column":26},"end":{"line":136,"column":13}},"line":133},"17":{"name":"(anonymous_17)","decl":{"start":{"line":146,"column":8},"end":{"line":146,"column":9}},"loc":{"start":{"line":146,"column":22},"end":{"line":148,"column":9}},"line":146},"18":{"name":"(anonymous_18)","decl":{"start":{"line":160,"column":8},"end":{"line":160,"column":9}},"loc":{"start":{"line":160,"column":22},"end":{"line":162,"column":9}},"line":160},"19":{"name":"(anonymous_19)","decl":{"start":{"line":169,"column":26},"end":{"line":169,"column":27}},"loc":{"start":{"line":169,"column":46},"end":{"line":210,"column":1}},"line":169},"20":{"name":"(anonymous_20)","decl":{"start":{"line":177,"column":12},"end":{"line":177,"column":13}},"loc":{"start":{"line":177,"column":26},"end":{"line":180,"column":13}},"line":177},"21":{"name":"(anonymous_21)","decl":{"start":{"line":186,"column":8},"end":{"line":186,"column":9}},"loc":{"start":{"line":186,"column":22},"end":{"line":188,"column":9}},"line":186},"22":{"name":"(anonymous_22)","decl":{"start":{"line":202,"column":8},"end":{"line":202,"column":9}},"loc":{"start":{"line":202,"column":22},"end":{"line":204,"column":9}},"line":202}},"branchMap":{"0":{"loc":{"start":{"line":10,"column":8},"end":{"line":11,"column":55}},"type":"if","locations":[{"start":{"line":10,"column":8},"end":{"line":11,"column":55}},{"start":{"line":11,"column":13},"end":{"line":11,"column":55}}],"line":10},"1":{"loc":{"start":{"line":16,"column":4},"end":{"line":18,"column":5}},"type":"if","locations":[{"start":{"line":16,"column":4},"end":{"line":18,"column":5}},{"start":{},"end":{}}],"line":16},"2":{"loc":{"start":{"line":21,"column":8},"end":{"line":27,"column":9}},"type":"if","locations":[{"start":{"line":21,"column":8},"end":{"line":27,"column":9}},{"start":{"line":25,"column":8},"end":{"line":27,"column":9}}],"line":21},"3":{"loc":{"start":{"line":35,"column":4},"end":{"line":38,"column":5}},"type":"if","locations":[{"start":{"line":35,"column":4},"end":{"line":38,"column":5}},{"start":{},"end":{}}],"line":35},"4":{"loc":{"start":{"line":40,"column":8},"end":{"line":47,"column":9}},"type":"if","locations":[{"start":{"line":40,"column":8},"end":{"line":47,"column":9}},{"start":{"line":45,"column":8},"end":{"line":47,"column":9}}],"line":40},"5":{"loc":{"start":{"line":54,"column":12},"end":{"line":59,"column":13}},"type":"if","locations":[{"start":{"line":54,"column":12},"end":{"line":59,"column":13}},{"start":{"line":57,"column":17},"end":{"line":59,"column":13}}],"line":54},"6":{"loc":{"start":{"line":88,"column":4},"end":{"line":91,"column":5}},"type":"if","locations":[{"start":{"line":88,"column":4},"end":{"line":91,"column":5}},{"start":{},"end":{}}],"line":88},"7":{"loc":{"start":{"line":107,"column":12},"end":{"line":108,"column":54}},"type":"if","locations":[{"start":{"line":107,"column":12},"end":{"line":108,"column":54}},{"start":{"line":108,"column":17},"end":{"line":108,"column":54}}],"line":107},"8":{"loc":{"start":{"line":114,"column":4},"end":{"line":115,"column":67}},"type":"if","locations":[{"start":{"line":114,"column":4},"end":{"line":115,"column":67}},{"start":{},"end":{}}],"line":114},"9":{"loc":{"start":{"line":118,"column":6},"end":{"line":119,"column":48}},"type":"if","locations":[{"start":{"line":118,"column":6},"end":{"line":119,"column":48}},{"start":{"line":119,"column":11},"end":{"line":119,"column":48}}],"line":118},"10":{"loc":{"start":{"line":125,"column":4},"end":{"line":127,"column":5}},"type":"if","locations":[{"start":{"line":125,"column":4},"end":{"line":127,"column":5}},{"start":{},"end":{}}],"line":125},"11":{"loc":{"start":{"line":125,"column":7},"end":{"line":125,"column":81}},"type":"binary-expr","locations":[{"start":{"line":125,"column":7},"end":{"line":125,"column":39}},{"start":{"line":125,"column":43},"end":{"line":125,"column":81}}],"line":125},"12":{"loc":{"start":{"line":134,"column":16},"end":{"line":135,"column":47}},"type":"if","locations":[{"start":{"line":134,"column":16},"end":{"line":135,"column":47}},{"start":{"line":135,"column":21},"end":{"line":135,"column":47}}],"line":134},"13":{"loc":{"start":{"line":147,"column":12},"end":{"line":147,"column":54}},"type":"if","locations":[{"start":{"line":147,"column":12},"end":{"line":147,"column":54}},{"start":{},"end":{}}],"line":147},"14":{"loc":{"start":{"line":161,"column":12},"end":{"line":161,"column":54}},"type":"if","locations":[{"start":{"line":161,"column":12},"end":{"line":161,"column":54}},{"start":{},"end":{}}],"line":161},"15":{"loc":{"start":{"line":170,"column":4},"end":{"line":171,"column":66}},"type":"if","locations":[{"start":{"line":170,"column":4},"end":{"line":171,"column":66}},{"start":{},"end":{}}],"line":170},"16":{"loc":{"start":{"line":170,"column":7},"end":{"line":170,"column":83}},"type":"binary-expr","locations":[{"start":{"line":170,"column":7},"end":{"line":170,"column":39}},{"start":{"line":170,"column":43},"end":{"line":170,"column":83}}],"line":170},"17":{"loc":{"start":{"line":178,"column":16},"end":{"line":179,"column":54}},"type":"if","locations":[{"start":{"line":178,"column":16},"end":{"line":179,"column":54}},{"start":{"line":179,"column":21},"end":{"line":179,"column":54}}],"line":178},"18":{"loc":{"start":{"line":187,"column":12},"end":{"line":187,"column":54}},"type":"if","locations":[{"start":{"line":187,"column":12},"end":{"line":187,"column":54}},{"start":{},"end":{}}],"line":187},"19":{"loc":{"start":{"line":203,"column":12},"end":{"line":203,"column":54}},"type":"if","locations":[{"start":{"line":203,"column":12},"end":{"line":203,"column":54}},{"start":{},"end":{}}],"line":203}},"s":{"0":0,"1":0,"2":0,"3":0,"4":0,"5":0,"6":0,"7":0,"8":0,"9":0,"10":0,"11":0,"12":0,"13":0,"14":0,"15":0,"16":0,"17":0,"18":0,"19":0,"20":0,"21":0,"22":0,"23":0,"24":0,"25":0,"26":0,"27":0,"28":0,"29":0,"30":0,"31":0,"32":0,"33":0,"34":0,"35":0,"36":0,"37":0,"38":0,"39":0,"40":0,"41":0,"42":0,"43":0,"44":0,"45":0,"46":0,"47":0,"48":0,"49":0,"50":0,"51":0,"52":0,"53":0,"54":0,"55":0,"56":0,"57":0,"58":0,"59":0,"60":0,"61":0,"62":0,"63":0,"64":0,"65":0,"66":0,"67":0,"68":0,"69":0,"70":0,"71":0,"72":0,"73":0,"74":0,"75":0,"76":0,"77":0,"78":0,"79":0,"80":0,"81":0,"82":0,"83":0,"84":0},"f":{"0":0,"1":0,"2":0,"3":0,"4":0,"5":0,"6":0,"7":0,"8":0,"9":0,"10":0,"11":0,"12":0,"13":0,"14":0,"15":0,"16":0,"17":0,"18":0,"19":0,"20":0,"21":0,"22":0},"b":{"0":[0,0],"1":[0,0],"2":[0,0],"3":[0,0],"4":[0,0],"5":[0,0],"6":[0,0],"7":[0,0],"8":[0,0],"9":[0,0],"10":[0,0],"11":[0,0],"12":[0,0],"13":[0,0],"14":[0,0],"15":[0,0],"16":[0,0],"17":[0,0],"18":[0,0],"19":[0,0]}}
,"/Users/macbookpro/Desktop/o2a-newbackend/src/controllers/upload.controller.js": {"path":"/Users/macbookpro/Desktop/o2a-newbackend/src/controllers/upload.controller.js","statementMap":{"0":{"start":{"line":1,"column":18},"end":{"line":1,"column":49}},"1":{"start":{"line":2,"column":11},"end":{"line":2,"column":24}},"2":{"start":{"line":3,"column":22},"end":{"line":3,"column":37}},"3":{"start":{"line":4,"column":17},"end":{"line":4,"column":54}},"4":{"start":{"line":5,"column":25},"end":{"line":5,"column":57}},"5":{"start":{"line":7,"column":0},"end":{"line":31,"column":2}},"6":{"start":{"line":8,"column":2},"end":{"line":20,"column":3}},"7":{"start":{"line":9,"column":4},"end":{"line":14,"column":34}},"8":{"start":{"line":14,"column":6},"end":{"line":14,"column":34}},"9":{"start":{"line":16,"column":4},"end":{"line":16,"column":56}},"10":{"start":{"line":16,"column":32},"end":{"line":16,"column":56}},"11":{"start":{"line":18,"column":19},"end":{"line":18,"column":36}},"12":{"start":{"line":19,"column":4},"end":{"line":19,"column":44}},"13":{"start":{"line":21,"column":19},"end":{"line":21,"column":41}},"14":{"start":{"line":23,"column":2},"end":{"line":28,"column":4}}},"fnMap":{"0":{"name":"(anonymous_0)","decl":{"start":{"line":7,"column":30},"end":{"line":7,"column":31}},"loc":{"start":{"line":7,"column":50},"end":{"line":31,"column":1}},"line":7}},"branchMap":{"0":{"loc":{"start":{"line":9,"column":4},"end":{"line":14,"column":34}},"type":"if","locations":[{"start":{"line":9,"column":4},"end":{"line":14,"column":34}},{"start":{},"end":{}}],"line":9},"1":{"loc":{"start":{"line":10,"column":6},"end":{"line":12,"column":47}},"type":"binary-expr","locations":[{"start":{"line":10,"column":6},"end":{"line":10,"column":46}},{"start":{"line":11,"column":6},"end":{"line":11,"column":46}},{"start":{"line":12,"column":6},"end":{"line":12,"column":47}}],"line":10},"2":{"loc":{"start":{"line":16,"column":4},"end":{"line":16,"column":56}},"type":"if","locations":[{"start":{"line":16,"column":4},"end":{"line":16,"column":56}},{"start":{},"end":{}}],"line":16}},"s":{"0":0,"1":0,"2":0,"3":0,"4":0,"5":0,"6":0,"7":0,"8":0,"9":0,"10":0,"11":0,"12":0,"13":0,"14":0},"f":{"0":0},"b":{"0":[0,0],"1":[0,0,0],"2":[0,0]}}
,"/Users/macbookpro/Desktop/o2a-newbackend/src/controllers/user.controller.js": {"path":"/Users/macbookpro/Desktop/o2a-newbackend/src/controllers/user.controller.js","statementMap":{"0":{"start":{"line":1,"column":18},"end":{"line":1,"column":49}},"1":{"start":{"line":2,"column":17},"end":{"line":2,"column":51}},"2":{"start":{"line":4,"column":0},"end":{"line":8,"column":2}},"3":{"start":{"line":5,"column":18},"end":{"line":5,"column":71}},"4":{"start":{"line":6,"column":4},"end":{"line":6,"column":34}},"5":{"start":{"line":7,"column":4},"end":{"line":7,"column":11}},"6":{"start":{"line":10,"column":0},"end":{"line":18,"column":4}},"7":{"start":{"line":11,"column":4},"end":{"line":12,"column":67}},"8":{"start":{"line":12,"column":6},"end":{"line":12,"column":67}},"9":{"start":{"line":14,"column":4},"end":{"line":17,"column":27}},"10":{"start":{"line":15,"column":6},"end":{"line":16,"column":46}},"11":{"start":{"line":15,"column":16},"end":{"line":15,"column":43}},"12":{"start":{"line":16,"column":11},"end":{"line":16,"column":46}},"13":{"start":{"line":19,"column":1},"end":{"line":46,"column":4}},"14":{"start":{"line":20,"column":4},"end":{"line":21,"column":67}},"15":{"start":{"line":21,"column":6},"end":{"line":21,"column":67}},"16":{"start":{"line":22,"column":4},"end":{"line":45,"column":5}},"17":{"start":{"line":23,"column":6},"end":{"line":42,"column":8}},"18":{"start":{"line":39,"column":10},"end":{"line":40,"column":61}},"19":{"start":{"line":39,"column":20},"end":{"line":39,"column":54}},"20":{"start":{"line":40,"column":15},"end":{"line":40,"column":61}},"21":{"start":{"line":44,"column":6},"end":{"line":44,"column":52}},"22":{"start":{"line":48,"column":0},"end":{"line":57,"column":2}},"23":{"start":{"line":49,"column":4},"end":{"line":51,"column":5}},"24":{"start":{"line":50,"column":8},"end":{"line":50,"column":67}},"25":{"start":{"line":51,"column":6},"end":{"line":56,"column":5}},"26":{"start":{"line":52,"column":8},"end":{"line":52,"column":65}},"27":{"start":{"line":53,"column":8},"end":{"line":53,"column":65}},"28":{"start":{"line":55,"column":8},"end":{"line":55,"column":52}}},"fnMap":{"0":{"name":"(anonymous_0)","decl":{"start":{"line":4,"column":29},"end":{"line":4,"column":30}},"loc":{"start":{"line":4,"column":55},"end":{"line":8,"column":1}},"line":4},"1":{"name":"(anonymous_1)","decl":{"start":{"line":10,"column":27},"end":{"line":10,"column":28}},"loc":{"start":{"line":10,"column":41},"end":{"line":18,"column":3}},"line":10},"2":{"name":"(anonymous_2)","decl":{"start":{"line":14,"column":38},"end":{"line":14,"column":39}},"loc":{"start":{"line":14,"column":53},"end":{"line":17,"column":5}},"line":14},"3":{"name":"(anonymous_3)","decl":{"start":{"line":19,"column":29},"end":{"line":19,"column":30}},"loc":{"start":{"line":19,"column":43},"end":{"line":46,"column":3}},"line":19},"4":{"name":"(anonymous_4)","decl":{"start":{"line":38,"column":8},"end":{"line":38,"column":9}},"loc":{"start":{"line":38,"column":23},"end":{"line":41,"column":9}},"line":38},"5":{"name":"(anonymous_5)","decl":{"start":{"line":48,"column":28},"end":{"line":48,"column":29}},"loc":{"start":{"line":48,"column":46},"end":{"line":57,"column":1}},"line":48}},"branchMap":{"0":{"loc":{"start":{"line":11,"column":4},"end":{"line":12,"column":67}},"type":"if","locations":[{"start":{"line":11,"column":4},"end":{"line":12,"column":67}},{"start":{},"end":{}}],"line":11},"1":{"loc":{"start":{"line":15,"column":6},"end":{"line":16,"column":46}},"type":"if","locations":[{"start":{"line":15,"column":6},"end":{"line":16,"column":46}},{"start":{"line":16,"column":11},"end":{"line":16,"column":46}}],"line":15},"2":{"loc":{"start":{"line":20,"column":4},"end":{"line":21,"column":67}},"type":"if","locations":[{"start":{"line":20,"column":4},"end":{"line":21,"column":67}},{"start":{},"end":{}}],"line":20},"3":{"loc":{"start":{"line":39,"column":10},"end":{"line":40,"column":61}},"type":"if","locations":[{"start":{"line":39,"column":10},"end":{"line":40,"column":61}},{"start":{"line":40,"column":15},"end":{"line":40,"column":61}}],"line":39},"4":{"loc":{"start":{"line":49,"column":4},"end":{"line":51,"column":5}},"type":"if","locations":[{"start":{"line":49,"column":4},"end":{"line":51,"column":5}},{"start":{},"end":{}}],"line":49}},"s":{"0":0,"1":0,"2":0,"3":0,"4":0,"5":0,"6":0,"7":0,"8":0,"9":0,"10":0,"11":0,"12":0,"13":0,"14":0,"15":0,"16":0,"17":0,"18":0,"19":0,"20":0,"21":0,"22":0,"23":0,"24":0,"25":0,"26":0,"27":0,"28":0},"f":{"0":0,"1":0,"2":0,"3":0,"4":0,"5":0},"b":{"0":[0,0],"1":[0,0],"2":[0,0],"3":[0,0],"4":[0,0]}}
,"/Users/macbookpro/Desktop/o2a-newbackend/src/middleware/auth.middleware.js": {"path":"/Users/macbookpro/Desktop/o2a-newbackend/src/middleware/auth.middleware.js","statementMap":{"0":{"start":{"line":1,"column":12},"end":{"line":1,"column":35}},"1":{"start":{"line":2,"column":18},"end":{"line":2,"column":49}},"2":{"start":{"line":4,"column":0},"end":{"line":22,"column":1}},"3":{"start":{"line":5,"column":18},"end":{"line":5,"column":33}},"4":{"start":{"line":6,"column":4},"end":{"line":21,"column":5}},"5":{"start":{"line":7,"column":8},"end":{"line":17,"column":11}},"6":{"start":{"line":8,"column":12},"end":{"line":16,"column":13}},"7":{"start":{"line":9,"column":16},"end":{"line":9,"column":39}},"8":{"start":{"line":10,"column":16},"end":{"line":10,"column":53}},"9":{"start":{"line":11,"column":16},"end":{"line":11,"column":23}},"10":{"start":{"line":13,"column":27},"end":{"line":13,"column":78}},"11":{"start":{"line":14,"column":16},"end":{"line":14,"column":39}},"12":{"start":{"line":15,"column":16},"end":{"line":15,"column":23}},"13":{"start":{"line":19,"column":8},"end":{"line":19,"column":31}},"14":{"start":{"line":20,"column":8},"end":{"line":20,"column":15}},"15":{"start":{"line":24,"column":0},"end":{"line":38,"column":2}},"16":{"start":{"line":25,"column":18},"end":{"line":25,"column":33}},"17":{"start":{"line":26,"column":4},"end":{"line":37,"column":5}},"18":{"start":{"line":27,"column":8},"end":{"line":34,"column":11}},"19":{"start":{"line":28,"column":12},"end":{"line":33,"column":13}},"20":{"start":{"line":29,"column":16},"end":{"line":29,"column":33}},"21":{"start":{"line":31,"column":16},"end":{"line":31,"column":45}},"22":{"start":{"line":32,"column":16},"end":{"line":32,"column":26}},"23":{"start":{"line":36,"column":8},"end":{"line":36,"column":38}}},"fnMap":{"0":{"name":"(anonymous_0)","decl":{"start":{"line":4,"column":27},"end":{"line":4,"column":28}},"loc":{"start":{"line":4,"column":47},"end":{"line":22,"column":1}},"line":4},"1":{"name":"(anonymous_1)","decl":{"start":{"line":7,"column":52},"end":{"line":7,"column":53}},"loc":{"start":{"line":7,"column":81},"end":{"line":17,"column":9}},"line":7},"2":{"name":"(anonymous_2)","decl":{"start":{"line":24,"column":30},"end":{"line":24,"column":31}},"loc":{"start":{"line":24,"column":50},"end":{"line":38,"column":1}},"line":24},"3":{"name":"(anonymous_3)","decl":{"start":{"line":27,"column":52},"end":{"line":27,"column":53}},"loc":{"start":{"line":27,"column":81},"end":{"line":34,"column":9}},"line":27}},"branchMap":{"0":{"loc":{"start":{"line":6,"column":4},"end":{"line":21,"column":5}},"type":"if","locations":[{"start":{"line":6,"column":4},"end":{"line":21,"column":5}},{"start":{"line":18,"column":10},"end":{"line":21,"column":5}}],"line":6},"1":{"loc":{"start":{"line":8,"column":12},"end":{"line":16,"column":13}},"type":"if","locations":[{"start":{"line":8,"column":12},"end":{"line":16,"column":13}},{"start":{"line":12,"column":18},"end":{"line":16,"column":13}}],"line":8},"2":{"loc":{"start":{"line":26,"column":4},"end":{"line":37,"column":5}},"type":"if","locations":[{"start":{"line":26,"column":4},"end":{"line":37,"column":5}},{"start":{"line":35,"column":11},"end":{"line":37,"column":5}}],"line":26},"3":{"loc":{"start":{"line":28,"column":12},"end":{"line":33,"column":13}},"type":"if","locations":[{"start":{"line":28,"column":12},"end":{"line":33,"column":13}},{"start":{"line":30,"column":18},"end":{"line":33,"column":13}}],"line":28}},"s":{"0":0,"1":0,"2":0,"3":0,"4":0,"5":0,"6":0,"7":0,"8":0,"9":0,"10":0,"11":0,"12":0,"13":0,"14":0,"15":0,"16":0,"17":0,"18":0,"19":0,"20":0,"21":0,"22":0,"23":0},"f":{"0":0,"1":0,"2":0,"3":0},"b":{"0":[0,0],"1":[0,0],"2":[0,0],"3":[0,0]}}
,"/Users/macbookpro/Desktop/o2a-newbackend/src/models/allergie.model.js": {"path":"/Users/macbookpro/Desktop/o2a-newbackend/src/models/allergie.model.js","statementMap":{"0":{"start":{"line":1,"column":17},"end":{"line":1,"column":36}},"1":{"start":{"line":3,"column":27},"end":{"line":35,"column":1}},"2":{"start":{"line":37,"column":0},"end":{"line":37,"column":68}}},"fnMap":{},"branchMap":{},"s":{"0":0,"1":0,"2":0},"f":{},"b":{}}
,"/Users/macbookpro/Desktop/o2a-newbackend/src/models/comment.model.js": {"path":"/Users/macbookpro/Desktop/o2a-newbackend/src/models/comment.model.js","statementMap":{"0":{"start":{"line":1,"column":17},"end":{"line":1,"column":36}},"1":{"start":{"line":3,"column":22},"end":{"line":33,"column":1}},"2":{"start":{"line":35,"column":0},"end":{"line":35,"column":60}}},"fnMap":{},"branchMap":{},"s":{"0":0,"1":0,"2":0},"f":{},"b":{}}
,"/Users/macbookpro/Desktop/o2a-newbackend/src/models/fiche.model.js": {"path":"/Users/macbookpro/Desktop/o2a-newbackend/src/models/fiche.model.js","statementMap":{"0":{"start":{"line":1,"column":17},"end":{"line":1,"column":36}},"1":{"start":{"line":3,"column":28},"end":{"line":43,"column":1}},"2":{"start":{"line":45,"column":0},"end":{"line":45,"column":71}}},"fnMap":{},"branchMap":{},"s":{"0":0,"1":0,"2":0},"f":{},"b":{}}
,"/Users/macbookpro/Desktop/o2a-newbackend/src/models/post.model.js": {"path":"/Users/macbookpro/Desktop/o2a-newbackend/src/models/post.model.js","statementMap":{"0":{"start":{"line":1,"column":18},"end":{"line":1,"column":37}},"1":{"start":{"line":3,"column":19},"end":{"line":41,"column":1}},"2":{"start":{"line":43,"column":0},"end":{"line":43,"column":52}}},"fnMap":{},"branchMap":{},"s":{"0":0,"1":0,"2":0},"f":{},"b":{}}
,"/Users/macbookpro/Desktop/o2a-newbackend/src/models/specialist.model.js": {"path":"/Users/macbookpro/Desktop/o2a-newbackend/src/models/specialist.model.js","statementMap":{"0":{"start":{"line":1,"column":18},"end":{"line":1,"column":37}},"1":{"start":{"line":3,"column":25},"end":{"line":39,"column":1}},"2":{"start":{"line":41,"column":0},"end":{"line":41,"column":64}}},"fnMap":{},"branchMap":{},"s":{"0":0,"1":0,"2":0},"f":{},"b":{}}
,"/Users/macbookpro/Desktop/o2a-newbackend/src/models/user.model.js": {"path":"/Users/macbookpro/Desktop/o2a-newbackend/src/models/user.model.js","statementMap":{"0":{"start":{"line":1,"column":17},"end":{"line":1,"column":36}},"1":{"start":{"line":2,"column":20},"end":{"line":2,"column":40}},"2":{"start":{"line":3,"column":24},"end":{"line":3,"column":60}},"3":{"start":{"line":6,"column":19},"end":{"line":114,"column":1}},"4":{"start":{"line":117,"column":0},"end":{"line":117,"column":35}},"5":{"start":{"line":119,"column":18},"end":{"line":119,"column":52}},"6":{"start":{"line":120,"column":0},"end":{"line":120,"column":27}}},"fnMap":{},"branchMap":{},"s":{"0":0,"1":0,"2":0,"3":0,"4":0,"5":0,"6":0},"f":{},"b":{}}
,"/Users/macbookpro/Desktop/o2a-newbackend/src/routes/admin.routes.js": {"path":"/Users/macbookpro/Desktop/o2a-newbackend/src/routes/admin.routes.js","statementMap":{"0":{"start":{"line":1,"column":15},"end":{"line":1,"column":42}},"1":{"start":{"line":2,"column":24},"end":{"line":2,"column":66}},"2":{"start":{"line":5,"column":0},"end":{"line":5,"column":68}},"3":{"start":{"line":6,"column":0},"end":{"line":6,"column":64}},"4":{"start":{"line":7,"column":0},"end":{"line":7,"column":68}},"5":{"start":{"line":8,"column":0},"end":{"line":8,"column":60}},"6":{"start":{"line":9,"column":0},"end":{"line":9,"column":73}},"7":{"start":{"line":10,"column":0},"end":{"line":10,"column":57}},"8":{"start":{"line":11,"column":0},"end":{"line":11,"column":70}},"9":{"start":{"line":12,"column":0},"end":{"line":12,"column":74}},"10":{"start":{"line":17,"column":0},"end":{"line":17,"column":24}}},"fnMap":{},"branchMap":{},"s":{"0":0,"1":0,"2":0,"3":0,"4":0,"5":0,"6":0,"7":0,"8":0,"9":0,"10":0},"f":{},"b":{}}
,"/Users/macbookpro/Desktop/o2a-newbackend/src/routes/comment.routes.js": {"path":"/Users/macbookpro/Desktop/o2a-newbackend/src/routes/comment.routes.js","statementMap":{"0":{"start":{"line":1,"column":15},"end":{"line":1,"column":42}},"1":{"start":{"line":2,"column":26},"end":{"line":2,"column":70}},"2":{"start":{"line":6,"column":0},"end":{"line":6,"column":54}},"3":{"start":{"line":7,"column":0},"end":{"line":7,"column":54}},"4":{"start":{"line":8,"column":0},"end":{"line":8,"column":65}},"5":{"start":{"line":9,"column":0},"end":{"line":9,"column":70}},"6":{"start":{"line":10,"column":0},"end":{"line":10,"column":65}},"7":{"start":{"line":11,"column":0},"end":{"line":11,"column":69}},"8":{"start":{"line":12,"column":0},"end":{"line":12,"column":69}},"9":{"start":{"line":13,"column":0},"end":{"line":13,"column":73}},"10":{"start":{"line":17,"column":0},"end":{"line":17,"column":24}}},"fnMap":{},"branchMap":{},"s":{"0":0,"1":0,"2":0,"3":0,"4":0,"5":0,"6":0,"7":0,"8":0,"9":0,"10":0},"f":{},"b":{}}
,"/Users/macbookpro/Desktop/o2a-newbackend/src/routes/post.routes.js": {"path":"/Users/macbookpro/Desktop/o2a-newbackend/src/routes/post.routes.js","statementMap":{"0":{"start":{"line":1,"column":15},"end":{"line":1,"column":42}},"1":{"start":{"line":2,"column":23},"end":{"line":2,"column":64}},"2":{"start":{"line":3,"column":15},"end":{"line":3,"column":32}},"3":{"start":{"line":4,"column":15},"end":{"line":4,"column":23}},"4":{"start":{"line":6,"column":0},"end":{"line":6,"column":41}},"5":{"start":{"line":7,"column":0},"end":{"line":7,"column":65}},"6":{"start":{"line":8,"column":0},"end":{"line":8,"column":84}},"7":{"start":{"line":9,"column":0},"end":{"line":9,"column":86}},"8":{"start":{"line":10,"column":0},"end":{"line":10,"column":46}},"9":{"start":{"line":11,"column":0},"end":{"line":11,"column":49}},"10":{"start":{"line":12,"column":0},"end":{"line":12,"column":56}},"11":{"start":{"line":13,"column":0},"end":{"line":13,"column":60}},"12":{"start":{"line":14,"column":0},"end":{"line":14,"column":60}},"13":{"start":{"line":15,"column":0},"end":{"line":15,"column":64}},"14":{"start":{"line":17,"column":0},"end":{"line":17,"column":24}}},"fnMap":{},"branchMap":{},"s":{"0":0,"1":0,"2":0,"3":0,"4":0,"5":0,"6":0,"7":0,"8":0,"9":0,"10":0,"11":0,"12":0,"13":0,"14":0},"f":{},"b":{}}
,"/Users/macbookpro/Desktop/o2a-newbackend/src/routes/specialist.routes.js": {"path":"/Users/macbookpro/Desktop/o2a-newbackend/src/routes/specialist.routes.js","statementMap":{"0":{"start":{"line":1,"column":15},"end":{"line":1,"column":42}},"1":{"start":{"line":2,"column":29},"end":{"line":2,"column":76}},"2":{"start":{"line":5,"column":0},"end":{"line":5,"column":65}},"3":{"start":{"line":6,"column":0},"end":{"line":6,"column":60}},"4":{"start":{"line":7,"column":0},"end":{"line":7,"column":69}},"5":{"start":{"line":8,"column":0},"end":{"line":8,"column":66}},"6":{"start":{"line":9,"column":0},"end":{"line":9,"column":68}},"7":{"start":{"line":10,"column":0},"end":{"line":10,"column":63}},"8":{"start":{"line":11,"column":0},"end":{"line":11,"column":63}},"9":{"start":{"line":12,"column":0},"end":{"line":12,"column":57}},"10":{"start":{"line":13,"column":0},"end":{"line":13,"column":61}},"11":{"start":{"line":15,"column":0},"end":{"line":15,"column":24}}},"fnMap":{},"branchMap":{},"s":{"0":0,"1":0,"2":0,"3":0,"4":0,"5":0,"6":0,"7":0,"8":0,"9":0,"10":0,"11":0},"f":{},"b":{}}
,"/Users/macbookpro/Desktop/o2a-newbackend/src/routes/user.routes.js": {"path":"/Users/macbookpro/Desktop/o2a-newbackend/src/routes/user.routes.js","statementMap":{"0":{"start":{"line":1,"column":15},"end":{"line":1,"column":42}},"1":{"start":{"line":2,"column":23},"end":{"line":2,"column":64}},"2":{"start":{"line":3,"column":23},"end":{"line":3,"column":64}},"3":{"start":{"line":4,"column":25},"end":{"line":4,"column":68}},"4":{"start":{"line":5,"column":15},"end":{"line":5,"column":32}},"5":{"start":{"line":6,"column":15},"end":{"line":6,"column":23}},"6":{"start":{"line":8,"column":0},"end":{"line":8,"column":48}},"7":{"start":{"line":9,"column":0},"end":{"line":9,"column":45}},"8":{"start":{"line":10,"column":0},"end":{"line":10,"column":45}},"9":{"start":{"line":12,"column":0},"end":{"line":12,"column":44}},"10":{"start":{"line":13,"column":0},"end":{"line":13,"column":45}},"11":{"start":{"line":14,"column":0},"end":{"line":14,"column":46}},"12":{"start":{"line":15,"column":0},"end":{"line":15,"column":49}},"13":{"start":{"line":19,"column":0},"end":{"line":19,"column":77}},"14":{"start":{"line":21,"column":0},"end":{"line":21,"column":24}}},"fnMap":{},"branchMap":{},"s":{"0":0,"1":0,"2":0,"3":0,"4":0,"5":0,"6":0,"7":0,"8":0,"9":0,"10":0,"11":0,"12":0,"13":0,"14":0},"f":{},"b":{}}
,"/Users/macbookpro/Desktop/o2a-newbackend/src/utils/errors.utils.js": {"path":"/Users/macbookpro/Desktop/o2a-newbackend/src/utils/errors.utils.js","statementMap":{"0":{"start":{"line":1,"column":0},"end":{"line":19,"column":2}},"1":{"start":{"line":2,"column":15},"end":{"line":2,"column":57}},"2":{"start":{"line":4,"column":2},"end":{"line":5,"column":58}},"3":{"start":{"line":5,"column":4},"end":{"line":5,"column":58}},"4":{"start":{"line":7,"column":2},"end":{"line":7,"column":70}},"5":{"start":{"line":7,"column":37},"end":{"line":7,"column":70}},"6":{"start":{"line":9,"column":2},"end":{"line":10,"column":72}},"7":{"start":{"line":10,"column":4},"end":{"line":10,"column":72}},"8":{"start":{"line":12,"column":2},"end":{"line":13,"column":52}},"9":{"start":{"line":13,"column":4},"end":{"line":13,"column":52}},"10":{"start":{"line":15,"column":2},"end":{"line":16,"column":51}},"11":{"start":{"line":16,"column":4},"end":{"line":16,"column":51}},"12":{"start":{"line":18,"column":2},"end":{"line":18,"column":16}},"13":{"start":{"line":21,"column":0},"end":{"line":31,"column":1}},"14":{"start":{"line":22,"column":15},"end":{"line":22,"column":41}},"15":{"start":{"line":24,"column":2},"end":{"line":25,"column":35}},"16":{"start":{"line":25,"column":4},"end":{"line":25,"column":35}},"17":{"start":{"line":27,"column":2},"end":{"line":28,"column":57}},"18":{"start":{"line":28,"column":4},"end":{"line":28,"column":57}},"19":{"start":{"line":30,"column":2},"end":{"line":30,"column":16}},"20":{"start":{"line":33,"column":0},"end":{"line":43,"column":1}},"21":{"start":{"line":34,"column":15},"end":{"line":34,"column":41}},"22":{"start":{"line":36,"column":2},"end":{"line":37,"column":43}},"23":{"start":{"line":37,"column":4},"end":{"line":37,"column":43}},"24":{"start":{"line":39,"column":2},"end":{"line":40,"column":48}},"25":{"start":{"line":40,"column":4},"end":{"line":40,"column":48}},"26":{"start":{"line":42,"column":2},"end":{"line":42,"column":15}}},"fnMap":{"0":{"name":"(anonymous_0)","decl":{"start":{"line":1,"column":30},"end":{"line":1,"column":31}},"loc":{"start":{"line":1,"column":39},"end":{"line":19,"column":1}},"line":1},"1":{"name":"(anonymous_1)","decl":{"start":{"line":21,"column":30},"end":{"line":21,"column":31}},"loc":{"start":{"line":21,"column":39},"end":{"line":31,"column":1}},"line":21},"2":{"name":"(anonymous_2)","decl":{"start":{"line":33,"column":30},"end":{"line":33,"column":31}},"loc":{"start":{"line":33,"column":39},"end":{"line":43,"column":1}},"line":33}},"branchMap":{"0":{"loc":{"start":{"line":4,"column":2},"end":{"line":5,"column":58}},"type":"if","locations":[{"start":{"line":4,"column":2},"end":{"line":5,"column":58}},{"start":{},"end":{}}],"line":4},"1":{"loc":{"start":{"line":7,"column":2},"end":{"line":7,"column":70}},"type":"if","locations":[{"start":{"line":7,"column":2},"end":{"line":7,"column":70}},{"start":{},"end":{}}],"line":7},"2":{"loc":{"start":{"line":9,"column":2},"end":{"line":10,"column":72}},"type":"if","locations":[{"start":{"line":9,"column":2},"end":{"line":10,"column":72}},{"start":{},"end":{}}],"line":9},"3":{"loc":{"start":{"line":12,"column":2},"end":{"line":13,"column":52}},"type":"if","locations":[{"start":{"line":12,"column":2},"end":{"line":13,"column":52}},{"start":{},"end":{}}],"line":12},"4":{"loc":{"start":{"line":12,"column":6},"end":{"line":12,"column":78}},"type":"binary-expr","locations":[{"start":{"line":12,"column":6},"end":{"line":12,"column":24}},{"start":{"line":12,"column":28},"end":{"line":12,"column":78}}],"line":12},"5":{"loc":{"start":{"line":15,"column":2},"end":{"line":16,"column":51}},"type":"if","locations":[{"start":{"line":15,"column":2},"end":{"line":16,"column":51}},{"start":{},"end":{}}],"line":15},"6":{"loc":{"start":{"line":15,"column":6},"end":{"line":15,"column":74}},"type":"binary-expr","locations":[{"start":{"line":15,"column":6},"end":{"line":15,"column":24}},{"start":{"line":15,"column":28},"end":{"line":15,"column":74}}],"line":15},"7":{"loc":{"start":{"line":24,"column":2},"end":{"line":25,"column":35}},"type":"if","locations":[{"start":{"line":24,"column":2},"end":{"line":25,"column":35}},{"start":{},"end":{}}],"line":24},"8":{"loc":{"start":{"line":27,"column":2},"end":{"line":28,"column":57}},"type":"if","locations":[{"start":{"line":27,"column":2},"end":{"line":28,"column":57}},{"start":{},"end":{}}],"line":27},"9":{"loc":{"start":{"line":36,"column":2},"end":{"line":37,"column":43}},"type":"if","locations":[{"start":{"line":36,"column":2},"end":{"line":37,"column":43}},{"start":{},"end":{}}],"line":36},"10":{"loc":{"start":{"line":39,"column":2},"end":{"line":40,"column":48}},"type":"if","locations":[{"start":{"line":39,"column":2},"end":{"line":40,"column":48}},{"start":{},"end":{}}],"line":39}},"s":{"0":0,"1":0,"2":0,"3":0,"4":0,"5":0,"6":0,"7":0,"8":0,"9":0,"10":0,"11":0,"12":0,"13":0,"14":0,"15":0,"16":0,"17":0,"18":0,"19":0,"20":0,"21":0,"22":0,"23":0,"24":0,"25":0,"26":0},"f":{"0":0,"1":0,"2":0},"b":{"0":[0,0],"1":[0,0],"2":[0,0],"3":[0,0],"4":[0,0],"5":[0,0],"6":[0,0],"7":[0,0],"8":[0,0],"9":[0,0],"10":[0,0]}}
}
